{"C:\\Users\\karlr\\Documents\\School\\repos\\86-no-more-frontend\\src\\index.js": {"path":"C:\\Users\\karlr\\Documents\\School\\repos\\86-no-more-frontend\\src\\index.js","statementMap":{"0":{"start":{"line":8,"column":14},"end":{"line":8,"column":30}},"1":{"start":{"line":10,"column":0},"end":{"line":17,"column":1}}},"fnMap":{},"branchMap":{},"s":{"0":0,"1":0},"f":{},"b":{},"hash":"43f2f2ddca232081fa1db1a9836fdce85151250e"}
,"C:\\Users\\karlr\\Documents\\School\\repos\\86-no-more-frontend\\src\\actions\\actionTypes.js": {"path":"C:\\Users\\karlr\\Documents\\School\\repos\\86-no-more-frontend\\src\\actions\\actionTypes.js","statementMap":{"0":{"start":{"line":3,"column":27},"end":{"line":3,"column":40}},"1":{"start":{"line":4,"column":29},"end":{"line":4,"column":44}},"2":{"start":{"line":5,"column":28},"end":{"line":5,"column":42}},"3":{"start":{"line":7,"column":28},"end":{"line":7,"column":42}},"4":{"start":{"line":8,"column":30},"end":{"line":8,"column":46}},"5":{"start":{"line":9,"column":29},"end":{"line":9,"column":44}},"6":{"start":{"line":13,"column":33},"end":{"line":13,"column":52}},"7":{"start":{"line":14,"column":23},"end":{"line":14,"column":32}},"8":{"start":{"line":16,"column":32},"end":{"line":16,"column":50}},"9":{"start":{"line":18,"column":23},"end":{"line":18,"column":32}},"10":{"start":{"line":19,"column":26},"end":{"line":19,"column":38}},"11":{"start":{"line":20,"column":25},"end":{"line":20,"column":36}},"12":{"start":{"line":22,"column":24},"end":{"line":22,"column":34}},"13":{"start":{"line":23,"column":27},"end":{"line":23,"column":40}},"14":{"start":{"line":24,"column":37},"end":{"line":24,"column":60}},"15":{"start":{"line":25,"column":37},"end":{"line":25,"column":60}},"16":{"start":{"line":26,"column":27},"end":{"line":26,"column":40}},"17":{"start":{"line":27,"column":40},"end":{"line":27,"column":66}},"18":{"start":{"line":28,"column":26},"end":{"line":28,"column":38}},"19":{"start":{"line":29,"column":31},"end":{"line":29,"column":48}},"20":{"start":{"line":30,"column":34},"end":{"line":30,"column":54}},"21":{"start":{"line":31,"column":34},"end":{"line":31,"column":54}},"22":{"start":{"line":32,"column":34},"end":{"line":32,"column":54}},"23":{"start":{"line":34,"column":37},"end":{"line":34,"column":60}},"24":{"start":{"line":35,"column":32},"end":{"line":35,"column":50}},"25":{"start":{"line":37,"column":37},"end":{"line":37,"column":59}},"26":{"start":{"line":39,"column":36},"end":{"line":39,"column":58}},"27":{"start":{"line":40,"column":36},"end":{"line":40,"column":58}},"28":{"start":{"line":42,"column":34},"end":{"line":42,"column":54}},"29":{"start":{"line":44,"column":40},"end":{"line":44,"column":66}},"30":{"start":{"line":45,"column":35},"end":{"line":45,"column":56}},"31":{"start":{"line":47,"column":44},"end":{"line":47,"column":74}},"32":{"start":{"line":49,"column":31},"end":{"line":49,"column":48}},"33":{"start":{"line":51,"column":34},"end":{"line":51,"column":54}}},"fnMap":{},"branchMap":{},"s":{"0":0,"1":0,"2":0,"3":0,"4":0,"5":0,"6":0,"7":0,"8":0,"9":0,"10":0,"11":0,"12":0,"13":0,"14":0,"15":0,"16":0,"17":0,"18":0,"19":0,"20":0,"21":0,"22":0,"23":0,"24":0,"25":0,"26":0,"27":0,"28":0,"29":0,"30":0,"31":0,"32":0,"33":0},"f":{},"b":{},"hash":"68a86946ad1772b57fe5141604825fc66c7c5423"}
,"C:\\Users\\karlr\\Documents\\School\\repos\\86-no-more-frontend\\src\\actions\\auth.js": {"path":"C:\\Users\\karlr\\Documents\\School\\repos\\86-no-more-frontend\\src\\actions\\auth.js","statementMap":{"0":{"start":{"line":21,"column":4},"end":{"line":23,"column":5}},"1":{"start":{"line":27,"column":4},"end":{"line":30,"column":5}},"2":{"start":{"line":34,"column":4},"end":{"line":37,"column":5}},"3":{"start":{"line":41,"column":4},"end":{"line":65,"column":5}},"4":{"start":{"line":42,"column":8},"end":{"line":42,"column":30}},"5":{"start":{"line":43,"column":20},"end":{"line":43,"column":35}},"6":{"start":{"line":45,"column":8},"end":{"line":64,"column":14}},"7":{"start":{"line":52,"column":32},"end":{"line":52,"column":47}},"8":{"start":{"line":54,"column":16},"end":{"line":54,"column":41}},"9":{"start":{"line":56,"column":16},"end":{"line":62,"column":17}},"10":{"start":{"line":58,"column":20},"end":{"line":58,"column":66}},"11":{"start":{"line":59,"column":20},"end":{"line":59,"column":58}},"12":{"start":{"line":61,"column":20},"end":{"line":61,"column":26}},"13":{"start":{"line":63,"column":16},"end":{"line":63,"column":51}},"14":{"start":{"line":69,"column":4},"end":{"line":95,"column":5}},"15":{"start":{"line":70,"column":20},"end":{"line":70,"column":36}},"16":{"start":{"line":71,"column":8},"end":{"line":94,"column":14}},"17":{"start":{"line":84,"column":32},"end":{"line":84,"column":47}},"18":{"start":{"line":87,"column":16},"end":{"line":92,"column":17}},"19":{"start":{"line":89,"column":20},"end":{"line":89,"column":66}},"20":{"start":{"line":90,"column":20},"end":{"line":90,"column":62}},"21":{"start":{"line":91,"column":20},"end":{"line":91,"column":26}},"22":{"start":{"line":93,"column":16},"end":{"line":93,"column":52}},"23":{"start":{"line":99,"column":4},"end":{"line":101,"column":5}},"24":{"start":{"line":105,"column":4},"end":{"line":108,"column":5}},"25":{"start":{"line":112,"column":4},"end":{"line":115,"column":5}},"26":{"start":{"line":118,"column":4},"end":{"line":121,"column":5}},"27":{"start":{"line":125,"column":4},"end":{"line":127,"column":5}},"28":{"start":{"line":131,"column":4},"end":{"line":133,"column":5}},"29":{"start":{"line":137,"column":4},"end":{"line":140,"column":5}},"30":{"start":{"line":144,"column":4},"end":{"line":147,"column":5}},"31":{"start":{"line":151,"column":4},"end":{"line":181,"column":5}},"32":{"start":{"line":152,"column":20},"end":{"line":152,"column":41}},"33":{"start":{"line":154,"column":8},"end":{"line":180,"column":14}},"34":{"start":{"line":167,"column":32},"end":{"line":167,"column":47}},"35":{"start":{"line":169,"column":16},"end":{"line":169,"column":54}},"36":{"start":{"line":170,"column":16},"end":{"line":177,"column":17}},"37":{"start":{"line":171,"column":20},"end":{"line":171,"column":64}},"38":{"start":{"line":173,"column":20},"end":{"line":175,"column":21}},"39":{"start":{"line":174,"column":24},"end":{"line":174,"column":70}},"40":{"start":{"line":176,"column":20},"end":{"line":176,"column":26}},"41":{"start":{"line":179,"column":16},"end":{"line":179,"column":54}},"42":{"start":{"line":185,"column":4},"end":{"line":214,"column":5}},"43":{"start":{"line":186,"column":20},"end":{"line":186,"column":38}},"44":{"start":{"line":188,"column":8},"end":{"line":213,"column":14}},"45":{"start":{"line":200,"column":32},"end":{"line":200,"column":47}},"46":{"start":{"line":202,"column":16},"end":{"line":202,"column":54}},"47":{"start":{"line":203,"column":16},"end":{"line":210,"column":17}},"48":{"start":{"line":204,"column":20},"end":{"line":204,"column":71}},"49":{"start":{"line":206,"column":20},"end":{"line":208,"column":21}},"50":{"start":{"line":207,"column":24},"end":{"line":207,"column":70}},"51":{"start":{"line":209,"column":20},"end":{"line":209,"column":26}},"52":{"start":{"line":218,"column":4},"end":{"line":221,"column":5}}},"fnMap":{"0":{"name":"startLogin","decl":{"start":{"line":20,"column":16},"end":{"line":20,"column":26}},"loc":{"start":{"line":20,"column":29},"end":{"line":24,"column":1}},"line":20},"1":{"name":"loginFailed","decl":{"start":{"line":26,"column":16},"end":{"line":26,"column":27}},"loc":{"start":{"line":26,"column":42},"end":{"line":31,"column":1}},"line":26},"2":{"name":"loginSuccess","decl":{"start":{"line":33,"column":16},"end":{"line":33,"column":28}},"loc":{"start":{"line":33,"column":35},"end":{"line":38,"column":1}},"line":33},"3":{"name":"login","decl":{"start":{"line":40,"column":16},"end":{"line":40,"column":21}},"loc":{"start":{"line":40,"column":39},"end":{"line":66,"column":1}},"line":40},"4":{"name":"(anonymous_4)","decl":{"start":{"line":41,"column":11},"end":{"line":41,"column":12}},"loc":{"start":{"line":41,"column":25},"end":{"line":65,"column":5}},"line":41},"5":{"name":"(anonymous_5)","decl":{"start":{"line":52,"column":18},"end":{"line":52,"column":19}},"loc":{"start":{"line":52,"column":32},"end":{"line":52,"column":47}},"line":52},"6":{"name":"(anonymous_6)","decl":{"start":{"line":53,"column":18},"end":{"line":53,"column":19}},"loc":{"start":{"line":53,"column":28},"end":{"line":64,"column":13}},"line":53},"7":{"name":"signup","decl":{"start":{"line":68,"column":16},"end":{"line":68,"column":22}},"loc":{"start":{"line":68,"column":73},"end":{"line":96,"column":1}},"line":68},"8":{"name":"(anonymous_8)","decl":{"start":{"line":69,"column":11},"end":{"line":69,"column":12}},"loc":{"start":{"line":69,"column":25},"end":{"line":95,"column":5}},"line":69},"9":{"name":"(anonymous_9)","decl":{"start":{"line":84,"column":18},"end":{"line":84,"column":19}},"loc":{"start":{"line":84,"column":32},"end":{"line":84,"column":47}},"line":84},"10":{"name":"(anonymous_10)","decl":{"start":{"line":85,"column":18},"end":{"line":85,"column":19}},"loc":{"start":{"line":85,"column":28},"end":{"line":94,"column":13}},"line":85},"11":{"name":"startSingup","decl":{"start":{"line":98,"column":16},"end":{"line":98,"column":27}},"loc":{"start":{"line":98,"column":30},"end":{"line":102,"column":1}},"line":98},"12":{"name":"signupFailed","decl":{"start":{"line":104,"column":16},"end":{"line":104,"column":28}},"loc":{"start":{"line":104,"column":36},"end":{"line":109,"column":1}},"line":104},"13":{"name":"signupSuccessful","decl":{"start":{"line":111,"column":16},"end":{"line":111,"column":32}},"loc":{"start":{"line":111,"column":39},"end":{"line":116,"column":1}},"line":111},"14":{"name":"authenticateUser","decl":{"start":{"line":117,"column":16},"end":{"line":117,"column":32}},"loc":{"start":{"line":117,"column":39},"end":{"line":122,"column":1}},"line":117},"15":{"name":"logoutUser","decl":{"start":{"line":124,"column":16},"end":{"line":124,"column":26}},"loc":{"start":{"line":124,"column":29},"end":{"line":128,"column":1}},"line":124},"16":{"name":"clearAuthState","decl":{"start":{"line":130,"column":16},"end":{"line":130,"column":30}},"loc":{"start":{"line":130,"column":33},"end":{"line":134,"column":1}},"line":130},"17":{"name":"editUserSucessfull","decl":{"start":{"line":136,"column":16},"end":{"line":136,"column":34}},"loc":{"start":{"line":136,"column":41},"end":{"line":141,"column":1}},"line":136},"18":{"name":"editUserFailed","decl":{"start":{"line":143,"column":16},"end":{"line":143,"column":30}},"loc":{"start":{"line":143,"column":38},"end":{"line":148,"column":1}},"line":143},"19":{"name":"editUser","decl":{"start":{"line":150,"column":16},"end":{"line":150,"column":24}},"loc":{"start":{"line":150,"column":66},"end":{"line":182,"column":1}},"line":150},"20":{"name":"(anonymous_20)","decl":{"start":{"line":151,"column":11},"end":{"line":151,"column":12}},"loc":{"start":{"line":151,"column":25},"end":{"line":181,"column":5}},"line":151},"21":{"name":"(anonymous_21)","decl":{"start":{"line":167,"column":18},"end":{"line":167,"column":19}},"loc":{"start":{"line":167,"column":32},"end":{"line":167,"column":47}},"line":167},"22":{"name":"(anonymous_22)","decl":{"start":{"line":168,"column":18},"end":{"line":168,"column":19}},"loc":{"start":{"line":168,"column":28},"end":{"line":180,"column":13}},"line":168},"23":{"name":"editItem","decl":{"start":{"line":184,"column":16},"end":{"line":184,"column":24}},"loc":{"start":{"line":184,"column":53},"end":{"line":215,"column":1}},"line":184},"24":{"name":"(anonymous_24)","decl":{"start":{"line":185,"column":11},"end":{"line":185,"column":12}},"loc":{"start":{"line":185,"column":25},"end":{"line":214,"column":5}},"line":185},"25":{"name":"(anonymous_25)","decl":{"start":{"line":200,"column":18},"end":{"line":200,"column":19}},"loc":{"start":{"line":200,"column":32},"end":{"line":200,"column":47}},"line":200},"26":{"name":"(anonymous_26)","decl":{"start":{"line":201,"column":18},"end":{"line":201,"column":19}},"loc":{"start":{"line":201,"column":28},"end":{"line":213,"column":13}},"line":201},"27":{"name":"editItemSucessfull","decl":{"start":{"line":217,"column":16},"end":{"line":217,"column":34}},"loc":{"start":{"line":217,"column":48},"end":{"line":222,"column":1}},"line":217}},"branchMap":{"0":{"loc":{"start":{"line":56,"column":16},"end":{"line":62,"column":17}},"type":"if","locations":[{"start":{"line":56,"column":16},"end":{"line":62,"column":17}},{"start":{"line":56,"column":16},"end":{"line":62,"column":17}}],"line":56},"1":{"loc":{"start":{"line":87,"column":16},"end":{"line":92,"column":17}},"type":"if","locations":[{"start":{"line":87,"column":16},"end":{"line":92,"column":17}},{"start":{"line":87,"column":16},"end":{"line":92,"column":17}}],"line":87},"2":{"loc":{"start":{"line":170,"column":16},"end":{"line":177,"column":17}},"type":"if","locations":[{"start":{"line":170,"column":16},"end":{"line":177,"column":17}},{"start":{"line":170,"column":16},"end":{"line":177,"column":17}}],"line":170},"3":{"loc":{"start":{"line":173,"column":20},"end":{"line":175,"column":21}},"type":"if","locations":[{"start":{"line":173,"column":20},"end":{"line":175,"column":21}},{"start":{"line":173,"column":20},"end":{"line":175,"column":21}}],"line":173},"4":{"loc":{"start":{"line":203,"column":16},"end":{"line":210,"column":17}},"type":"if","locations":[{"start":{"line":203,"column":16},"end":{"line":210,"column":17}},{"start":{"line":203,"column":16},"end":{"line":210,"column":17}}],"line":203},"5":{"loc":{"start":{"line":206,"column":20},"end":{"line":208,"column":21}},"type":"if","locations":[{"start":{"line":206,"column":20},"end":{"line":208,"column":21}},{"start":{"line":206,"column":20},"end":{"line":208,"column":21}}],"line":206}},"s":{"0":0,"1":0,"2":0,"3":0,"4":0,"5":0,"6":0,"7":0,"8":0,"9":0,"10":0,"11":0,"12":0,"13":0,"14":0,"15":0,"16":0,"17":0,"18":0,"19":0,"20":0,"21":0,"22":0,"23":0,"24":0,"25":0,"26":0,"27":0,"28":0,"29":0,"30":0,"31":0,"32":0,"33":0,"34":0,"35":0,"36":0,"37":0,"38":0,"39":0,"40":0,"41":0,"42":0,"43":0,"44":0,"45":0,"46":0,"47":0,"48":0,"49":0,"50":0,"51":0,"52":0},"f":{"0":0,"1":0,"2":0,"3":0,"4":0,"5":0,"6":0,"7":0,"8":0,"9":0,"10":0,"11":0,"12":0,"13":0,"14":0,"15":0,"16":0,"17":0,"18":0,"19":0,"20":0,"21":0,"22":0,"23":0,"24":0,"25":0,"26":0,"27":0},"b":{"0":[0,0],"1":[0,0],"2":[0,0],"3":[0,0],"4":[0,0],"5":[0,0]},"hash":"03f3db17728271ed29eadd62c86e3169047d3a16"}
,"C:\\Users\\karlr\\Documents\\School\\repos\\86-no-more-frontend\\src\\actions\\job.js": {"path":"C:\\Users\\karlr\\Documents\\School\\repos\\86-no-more-frontend\\src\\actions\\job.js","statementMap":{"0":{"start":{"line":25,"column":4},"end":{"line":54,"column":5}},"1":{"start":{"line":26,"column":20},"end":{"line":26,"column":39}},"2":{"start":{"line":27,"column":8},"end":{"line":53,"column":14}},"3":{"start":{"line":43,"column":32},"end":{"line":43,"column":47}},"4":{"start":{"line":46,"column":16},"end":{"line":51,"column":17}},"5":{"start":{"line":48,"column":20},"end":{"line":48,"column":66}},"6":{"start":{"line":49,"column":20},"end":{"line":49,"column":55}},"7":{"start":{"line":50,"column":20},"end":{"line":50,"column":26}},"8":{"start":{"line":58,"column":4},"end":{"line":58,"column":47}},"9":{"start":{"line":59,"column":4},"end":{"line":81,"column":5}},"10":{"start":{"line":60,"column":20},"end":{"line":60,"column":49}},"11":{"start":{"line":61,"column":8},"end":{"line":80,"column":14}},"12":{"start":{"line":70,"column":32},"end":{"line":70,"column":47}},"13":{"start":{"line":72,"column":16},"end":{"line":72,"column":41}},"14":{"start":{"line":73,"column":16},"end":{"line":78,"column":17}},"15":{"start":{"line":75,"column":20},"end":{"line":75,"column":66}},"16":{"start":{"line":76,"column":20},"end":{"line":76,"column":71}},"17":{"start":{"line":77,"column":20},"end":{"line":77,"column":26}},"18":{"start":{"line":85,"column":4},"end":{"line":112,"column":5}},"19":{"start":{"line":86,"column":20},"end":{"line":86,"column":40}},"20":{"start":{"line":87,"column":8},"end":{"line":111,"column":14}},"21":{"start":{"line":101,"column":32},"end":{"line":101,"column":47}},"22":{"start":{"line":104,"column":16},"end":{"line":109,"column":17}},"23":{"start":{"line":106,"column":20},"end":{"line":106,"column":66}},"24":{"start":{"line":107,"column":20},"end":{"line":107,"column":57}},"25":{"start":{"line":108,"column":20},"end":{"line":108,"column":26}},"26":{"start":{"line":116,"column":4},"end":{"line":116,"column":47}},"27":{"start":{"line":117,"column":4},"end":{"line":139,"column":5}},"28":{"start":{"line":118,"column":20},"end":{"line":118,"column":40}},"29":{"start":{"line":119,"column":8},"end":{"line":138,"column":14}},"30":{"start":{"line":128,"column":32},"end":{"line":128,"column":47}},"31":{"start":{"line":130,"column":16},"end":{"line":130,"column":41}},"32":{"start":{"line":131,"column":16},"end":{"line":136,"column":17}},"33":{"start":{"line":133,"column":20},"end":{"line":133,"column":66}},"34":{"start":{"line":134,"column":20},"end":{"line":134,"column":63}},"35":{"start":{"line":135,"column":20},"end":{"line":135,"column":26}},"36":{"start":{"line":143,"column":4},"end":{"line":169,"column":5}},"37":{"start":{"line":144,"column":20},"end":{"line":144,"column":52}},"38":{"start":{"line":145,"column":8},"end":{"line":168,"column":14}},"39":{"start":{"line":156,"column":32},"end":{"line":156,"column":47}},"40":{"start":{"line":158,"column":16},"end":{"line":158,"column":41}},"41":{"start":{"line":159,"column":16},"end":{"line":166,"column":17}},"42":{"start":{"line":161,"column":20},"end":{"line":161,"column":66}},"43":{"start":{"line":162,"column":20},"end":{"line":164,"column":21}},"44":{"start":{"line":165,"column":20},"end":{"line":165,"column":26}},"45":{"start":{"line":173,"column":4},"end":{"line":176,"column":5}},"46":{"start":{"line":180,"column":4},"end":{"line":183,"column":5}},"47":{"start":{"line":187,"column":4},"end":{"line":190,"column":5}},"48":{"start":{"line":194,"column":4},"end":{"line":206,"column":5}},"49":{"start":{"line":195,"column":20},"end":{"line":195,"column":39}},"50":{"start":{"line":197,"column":8},"end":{"line":205,"column":14}},"51":{"start":{"line":199,"column":16},"end":{"line":199,"column":49}},"52":{"start":{"line":200,"column":16},"end":{"line":200,"column":38}},"53":{"start":{"line":203,"column":16},"end":{"line":203,"column":45}},"54":{"start":{"line":204,"column":16},"end":{"line":204,"column":47}},"55":{"start":{"line":210,"column":4},"end":{"line":222,"column":9}},"56":{"start":{"line":211,"column":20},"end":{"line":211,"column":52}},"57":{"start":{"line":213,"column":8},"end":{"line":221,"column":14}},"58":{"start":{"line":215,"column":16},"end":{"line":215,"column":49}},"59":{"start":{"line":216,"column":16},"end":{"line":216,"column":36}},"60":{"start":{"line":219,"column":16},"end":{"line":219,"column":42}},"61":{"start":{"line":220,"column":16},"end":{"line":220,"column":66}},"62":{"start":{"line":226,"column":4},"end":{"line":238,"column":5}},"63":{"start":{"line":227,"column":20},"end":{"line":227,"column":40}},"64":{"start":{"line":229,"column":8},"end":{"line":237,"column":14}},"65":{"start":{"line":231,"column":16},"end":{"line":231,"column":49}},"66":{"start":{"line":232,"column":16},"end":{"line":232,"column":38}},"67":{"start":{"line":235,"column":16},"end":{"line":235,"column":48}},"68":{"start":{"line":236,"column":16},"end":{"line":236,"column":47}},"69":{"start":{"line":242,"column":4},"end":{"line":253,"column":5}},"70":{"start":{"line":243,"column":20},"end":{"line":243,"column":51}},"71":{"start":{"line":245,"column":8},"end":{"line":252,"column":14}},"72":{"start":{"line":247,"column":16},"end":{"line":247,"column":49}},"73":{"start":{"line":248,"column":16},"end":{"line":248,"column":38}},"74":{"start":{"line":251,"column":16},"end":{"line":251,"column":71}},"75":{"start":{"line":257,"column":4},"end":{"line":260,"column":5}},"76":{"start":{"line":264,"column":4},"end":{"line":267,"column":5}},"77":{"start":{"line":271,"column":4},"end":{"line":274,"column":5}},"78":{"start":{"line":278,"column":4},"end":{"line":281,"column":5}},"79":{"start":{"line":285,"column":4},"end":{"line":288,"column":5}},"80":{"start":{"line":292,"column":4},"end":{"line":295,"column":5}}},"fnMap":{"0":{"name":"createJob","decl":{"start":{"line":15,"column":16},"end":{"line":15,"column":25}},"loc":{"start":{"line":24,"column":2},"end":{"line":55,"column":1}},"line":24},"1":{"name":"(anonymous_1)","decl":{"start":{"line":25,"column":11},"end":{"line":25,"column":12}},"loc":{"start":{"line":25,"column":25},"end":{"line":54,"column":5}},"line":25},"2":{"name":"(anonymous_2)","decl":{"start":{"line":43,"column":18},"end":{"line":43,"column":19}},"loc":{"start":{"line":43,"column":32},"end":{"line":43,"column":47}},"line":43},"3":{"name":"(anonymous_3)","decl":{"start":{"line":44,"column":18},"end":{"line":44,"column":19}},"loc":{"start":{"line":44,"column":28},"end":{"line":53,"column":13}},"line":44},"4":{"name":"deleteInventoryItem","decl":{"start":{"line":57,"column":16},"end":{"line":57,"column":35}},"loc":{"start":{"line":57,"column":40},"end":{"line":82,"column":1}},"line":57},"5":{"name":"(anonymous_5)","decl":{"start":{"line":59,"column":11},"end":{"line":59,"column":12}},"loc":{"start":{"line":59,"column":25},"end":{"line":81,"column":5}},"line":59},"6":{"name":"(anonymous_6)","decl":{"start":{"line":70,"column":18},"end":{"line":70,"column":19}},"loc":{"start":{"line":70,"column":32},"end":{"line":70,"column":47}},"line":70},"7":{"name":"(anonymous_7)","decl":{"start":{"line":71,"column":18},"end":{"line":71,"column":19}},"loc":{"start":{"line":71,"column":28},"end":{"line":80,"column":13}},"line":71},"8":{"name":"createMenu","decl":{"start":{"line":84,"column":16},"end":{"line":84,"column":26}},"loc":{"start":{"line":84,"column":97},"end":{"line":113,"column":1}},"line":84},"9":{"name":"(anonymous_9)","decl":{"start":{"line":85,"column":11},"end":{"line":85,"column":12}},"loc":{"start":{"line":85,"column":25},"end":{"line":112,"column":5}},"line":85},"10":{"name":"(anonymous_10)","decl":{"start":{"line":101,"column":18},"end":{"line":101,"column":19}},"loc":{"start":{"line":101,"column":32},"end":{"line":101,"column":47}},"line":101},"11":{"name":"(anonymous_11)","decl":{"start":{"line":102,"column":18},"end":{"line":102,"column":19}},"loc":{"start":{"line":102,"column":28},"end":{"line":111,"column":13}},"line":102},"12":{"name":"deleteMenu","decl":{"start":{"line":115,"column":16},"end":{"line":115,"column":26}},"loc":{"start":{"line":115,"column":31},"end":{"line":140,"column":1}},"line":115},"13":{"name":"(anonymous_13)","decl":{"start":{"line":117,"column":11},"end":{"line":117,"column":12}},"loc":{"start":{"line":117,"column":25},"end":{"line":139,"column":5}},"line":117},"14":{"name":"(anonymous_14)","decl":{"start":{"line":128,"column":18},"end":{"line":128,"column":19}},"loc":{"start":{"line":128,"column":32},"end":{"line":128,"column":47}},"line":128},"15":{"name":"(anonymous_15)","decl":{"start":{"line":129,"column":18},"end":{"line":129,"column":19}},"loc":{"start":{"line":129,"column":28},"end":{"line":138,"column":13}},"line":129},"16":{"name":"createInventoryHistory","decl":{"start":{"line":142,"column":16},"end":{"line":142,"column":38}},"loc":{"start":{"line":142,"column":67},"end":{"line":170,"column":1}},"line":142},"17":{"name":"(anonymous_17)","decl":{"start":{"line":143,"column":11},"end":{"line":143,"column":12}},"loc":{"start":{"line":143,"column":25},"end":{"line":169,"column":5}},"line":143},"18":{"name":"(anonymous_18)","decl":{"start":{"line":156,"column":18},"end":{"line":156,"column":19}},"loc":{"start":{"line":156,"column":32},"end":{"line":156,"column":47}},"line":156},"19":{"name":"(anonymous_19)","decl":{"start":{"line":157,"column":18},"end":{"line":157,"column":19}},"loc":{"start":{"line":157,"column":28},"end":{"line":168,"column":13}},"line":157},"20":{"name":"jobSuccess","decl":{"start":{"line":172,"column":16},"end":{"line":172,"column":26}},"loc":{"start":{"line":172,"column":32},"end":{"line":177,"column":1}},"line":172},"21":{"name":"menuSuccess","decl":{"start":{"line":179,"column":16},"end":{"line":179,"column":27}},"loc":{"start":{"line":179,"column":34},"end":{"line":184,"column":1}},"line":179},"22":{"name":"inventoryHistorySuccess","decl":{"start":{"line":186,"column":16},"end":{"line":186,"column":39}},"loc":{"start":{"line":186,"column":58},"end":{"line":191,"column":1}},"line":186},"23":{"name":"fetchJobs","decl":{"start":{"line":193,"column":16},"end":{"line":193,"column":25}},"loc":{"start":{"line":193,"column":28},"end":{"line":207,"column":1}},"line":193},"24":{"name":"(anonymous_24)","decl":{"start":{"line":194,"column":11},"end":{"line":194,"column":12}},"loc":{"start":{"line":194,"column":25},"end":{"line":206,"column":5}},"line":194},"25":{"name":"(anonymous_25)","decl":{"start":{"line":198,"column":18},"end":{"line":198,"column":19}},"loc":{"start":{"line":198,"column":32},"end":{"line":201,"column":13}},"line":198},"26":{"name":"(anonymous_26)","decl":{"start":{"line":202,"column":18},"end":{"line":202,"column":19}},"loc":{"start":{"line":202,"column":28},"end":{"line":205,"column":13}},"line":202},"27":{"name":"fetchReductionEstimate","decl":{"start":{"line":209,"column":16},"end":{"line":209,"column":38}},"loc":{"start":{"line":209,"column":41},"end":{"line":223,"column":1}},"line":209},"28":{"name":"(anonymous_28)","decl":{"start":{"line":210,"column":11},"end":{"line":210,"column":12}},"loc":{"start":{"line":210,"column":25},"end":{"line":222,"column":9}},"line":210},"29":{"name":"(anonymous_29)","decl":{"start":{"line":214,"column":18},"end":{"line":214,"column":19}},"loc":{"start":{"line":214,"column":32},"end":{"line":217,"column":13}},"line":214},"30":{"name":"(anonymous_30)","decl":{"start":{"line":218,"column":18},"end":{"line":218,"column":19}},"loc":{"start":{"line":218,"column":28},"end":{"line":221,"column":13}},"line":218},"31":{"name":"fetchMenus","decl":{"start":{"line":225,"column":16},"end":{"line":225,"column":26}},"loc":{"start":{"line":225,"column":29},"end":{"line":239,"column":1}},"line":225},"32":{"name":"(anonymous_32)","decl":{"start":{"line":226,"column":11},"end":{"line":226,"column":12}},"loc":{"start":{"line":226,"column":25},"end":{"line":238,"column":5}},"line":226},"33":{"name":"(anonymous_33)","decl":{"start":{"line":230,"column":18},"end":{"line":230,"column":19}},"loc":{"start":{"line":230,"column":32},"end":{"line":233,"column":13}},"line":230},"34":{"name":"(anonymous_34)","decl":{"start":{"line":234,"column":18},"end":{"line":234,"column":19}},"loc":{"start":{"line":234,"column":28},"end":{"line":237,"column":13}},"line":234},"35":{"name":"fetchInventoryHistory","decl":{"start":{"line":241,"column":16},"end":{"line":241,"column":37}},"loc":{"start":{"line":241,"column":40},"end":{"line":254,"column":1}},"line":241},"36":{"name":"(anonymous_36)","decl":{"start":{"line":242,"column":11},"end":{"line":242,"column":12}},"loc":{"start":{"line":242,"column":25},"end":{"line":253,"column":5}},"line":242},"37":{"name":"(anonymous_37)","decl":{"start":{"line":246,"column":18},"end":{"line":246,"column":19}},"loc":{"start":{"line":246,"column":32},"end":{"line":249,"column":13}},"line":246},"38":{"name":"(anonymous_38)","decl":{"start":{"line":250,"column":18},"end":{"line":250,"column":19}},"loc":{"start":{"line":250,"column":28},"end":{"line":252,"column":13}},"line":250},"39":{"name":"updateJobs","decl":{"start":{"line":256,"column":16},"end":{"line":256,"column":26}},"loc":{"start":{"line":256,"column":33},"end":{"line":261,"column":1}},"line":256},"40":{"name":"updateReductionEstimate","decl":{"start":{"line":263,"column":16},"end":{"line":263,"column":39}},"loc":{"start":{"line":263,"column":52},"end":{"line":268,"column":1}},"line":263},"41":{"name":"updateMenu","decl":{"start":{"line":270,"column":16},"end":{"line":270,"column":26}},"loc":{"start":{"line":270,"column":33},"end":{"line":275,"column":1}},"line":270},"42":{"name":"deleteMenuSuccess","decl":{"start":{"line":277,"column":16},"end":{"line":277,"column":33}},"loc":{"start":{"line":277,"column":40},"end":{"line":282,"column":1}},"line":277},"43":{"name":"deleteInventoryItemSuccess","decl":{"start":{"line":284,"column":16},"end":{"line":284,"column":42}},"loc":{"start":{"line":284,"column":48},"end":{"line":289,"column":1}},"line":284},"44":{"name":"updateInventoryHistory","decl":{"start":{"line":291,"column":16},"end":{"line":291,"column":38}},"loc":{"start":{"line":291,"column":57},"end":{"line":296,"column":1}},"line":291}},"branchMap":{"0":{"loc":{"start":{"line":46,"column":16},"end":{"line":51,"column":17}},"type":"if","locations":[{"start":{"line":46,"column":16},"end":{"line":51,"column":17}},{"start":{"line":46,"column":16},"end":{"line":51,"column":17}}],"line":46},"1":{"loc":{"start":{"line":73,"column":16},"end":{"line":78,"column":17}},"type":"if","locations":[{"start":{"line":73,"column":16},"end":{"line":78,"column":17}},{"start":{"line":73,"column":16},"end":{"line":78,"column":17}}],"line":73},"2":{"loc":{"start":{"line":104,"column":16},"end":{"line":109,"column":17}},"type":"if","locations":[{"start":{"line":104,"column":16},"end":{"line":109,"column":17}},{"start":{"line":104,"column":16},"end":{"line":109,"column":17}}],"line":104},"3":{"loc":{"start":{"line":131,"column":16},"end":{"line":136,"column":17}},"type":"if","locations":[{"start":{"line":131,"column":16},"end":{"line":136,"column":17}},{"start":{"line":131,"column":16},"end":{"line":136,"column":17}}],"line":131},"4":{"loc":{"start":{"line":159,"column":16},"end":{"line":166,"column":17}},"type":"if","locations":[{"start":{"line":159,"column":16},"end":{"line":166,"column":17}},{"start":{"line":159,"column":16},"end":{"line":166,"column":17}}],"line":159}},"s":{"0":0,"1":0,"2":0,"3":0,"4":0,"5":0,"6":0,"7":0,"8":0,"9":0,"10":0,"11":0,"12":0,"13":0,"14":0,"15":0,"16":0,"17":0,"18":0,"19":0,"20":0,"21":0,"22":0,"23":0,"24":0,"25":0,"26":0,"27":0,"28":0,"29":0,"30":0,"31":0,"32":0,"33":0,"34":0,"35":0,"36":0,"37":0,"38":0,"39":0,"40":0,"41":0,"42":0,"43":0,"44":0,"45":0,"46":0,"47":0,"48":0,"49":0,"50":0,"51":0,"52":0,"53":0,"54":0,"55":0,"56":0,"57":0,"58":0,"59":0,"60":0,"61":0,"62":0,"63":0,"64":0,"65":0,"66":0,"67":0,"68":0,"69":0,"70":0,"71":0,"72":0,"73":0,"74":0,"75":0,"76":0,"77":0,"78":0,"79":0,"80":0},"f":{"0":0,"1":0,"2":0,"3":0,"4":0,"5":0,"6":0,"7":0,"8":0,"9":0,"10":0,"11":0,"12":0,"13":0,"14":0,"15":0,"16":0,"17":0,"18":0,"19":0,"20":0,"21":0,"22":0,"23":0,"24":0,"25":0,"26":0,"27":0,"28":0,"29":0,"30":0,"31":0,"32":0,"33":0,"34":0,"35":0,"36":0,"37":0,"38":0,"39":0,"40":0,"41":0,"42":0,"43":0,"44":0},"b":{"0":[0,0],"1":[0,0],"2":[0,0],"3":[0,0],"4":[0,0]},"hash":"56a98b25d96e4d58c645e49133818e88b2872bcf"}
,"C:\\Users\\karlr\\Documents\\School\\repos\\86-no-more-frontend\\src\\actions\\search.js": {"path":"C:\\Users\\karlr\\Documents\\School\\repos\\86-no-more-frontend\\src\\actions\\search.js","statementMap":{"0":{"start":{"line":7,"column":4},"end":{"line":30,"column":5}},"1":{"start":{"line":8,"column":20},"end":{"line":8,"column":50}},"2":{"start":{"line":9,"column":8},"end":{"line":9,"column":31}},"3":{"start":{"line":10,"column":8},"end":{"line":10,"column":38}},"4":{"start":{"line":12,"column":8},"end":{"line":29,"column":9}},"5":{"start":{"line":13,"column":12},"end":{"line":13,"column":47}},"6":{"start":{"line":15,"column":12},"end":{"line":28,"column":18}},"7":{"start":{"line":21,"column":36},"end":{"line":21,"column":51}},"8":{"start":{"line":23,"column":20},"end":{"line":23,"column":52}},"9":{"start":{"line":25,"column":20},"end":{"line":27,"column":21}},"10":{"start":{"line":26,"column":24},"end":{"line":26,"column":71}},"11":{"start":{"line":34,"column":4},"end":{"line":37,"column":5}},"12":{"start":{"line":41,"column":4},"end":{"line":44,"column":5}},"13":{"start":{"line":48,"column":4},"end":{"line":51,"column":5}}},"fnMap":{"0":{"name":"searchUsers","decl":{"start":{"line":6,"column":16},"end":{"line":6,"column":27}},"loc":{"start":{"line":6,"column":40},"end":{"line":31,"column":1}},"line":6},"1":{"name":"(anonymous_1)","decl":{"start":{"line":7,"column":11},"end":{"line":7,"column":12}},"loc":{"start":{"line":7,"column":25},"end":{"line":30,"column":5}},"line":7},"2":{"name":"(anonymous_2)","decl":{"start":{"line":21,"column":22},"end":{"line":21,"column":23}},"loc":{"start":{"line":21,"column":36},"end":{"line":21,"column":51}},"line":21},"3":{"name":"(anonymous_3)","decl":{"start":{"line":22,"column":22},"end":{"line":22,"column":23}},"loc":{"start":{"line":22,"column":32},"end":{"line":28,"column":17}},"line":22},"4":{"name":"searchResultsSuccess","decl":{"start":{"line":33,"column":16},"end":{"line":33,"column":36}},"loc":{"start":{"line":33,"column":44},"end":{"line":38,"column":1}},"line":33},"5":{"name":"searchResultsSuccess2","decl":{"start":{"line":40,"column":16},"end":{"line":40,"column":37}},"loc":{"start":{"line":40,"column":45},"end":{"line":45,"column":1}},"line":40},"6":{"name":"clearsearchstate","decl":{"start":{"line":47,"column":16},"end":{"line":47,"column":32}},"loc":{"start":{"line":47,"column":42},"end":{"line":52,"column":1}},"line":47}},"branchMap":{"0":{"loc":{"start":{"line":12,"column":8},"end":{"line":29,"column":9}},"type":"if","locations":[{"start":{"line":12,"column":8},"end":{"line":29,"column":9}},{"start":{"line":12,"column":8},"end":{"line":29,"column":9}}],"line":12},"1":{"loc":{"start":{"line":25,"column":20},"end":{"line":27,"column":21}},"type":"if","locations":[{"start":{"line":25,"column":20},"end":{"line":27,"column":21}},{"start":{"line":25,"column":20},"end":{"line":27,"column":21}}],"line":25}},"s":{"0":0,"1":0,"2":0,"3":0,"4":0,"5":0,"6":0,"7":0,"8":0,"9":0,"10":0,"11":0,"12":0,"13":0},"f":{"0":0,"1":0,"2":0,"3":0,"4":0,"5":0,"6":0},"b":{"0":[0,0],"1":[0,0]},"hash":"54dbab75357e810e1a51812536e4e134104f8910"}
,"C:\\Users\\karlr\\Documents\\School\\repos\\86-no-more-frontend\\src\\components\\App.js": {"path":"C:\\Users\\karlr\\Documents\\School\\repos\\86-no-more-frontend\\src\\components\\App.js","statementMap":{"0":{"start":{"line":37,"column":21},"end":{"line":59,"column":1}},"1":{"start":{"line":38,"column":55},"end":{"line":38,"column":72}},"2":{"start":{"line":40,"column":4},"end":{"line":58,"column":5}},"3":{"start":{"line":44,"column":16},"end":{"line":55,"column":17}},"4":{"start":{"line":65,"column":8},"end":{"line":65,"column":40}},"5":{"start":{"line":67,"column":8},"end":{"line":67,"column":41}},"6":{"start":{"line":69,"column":22},"end":{"line":69,"column":52}},"7":{"start":{"line":71,"column":8},"end":{"line":84,"column":9}},"8":{"start":{"line":72,"column":25},"end":{"line":72,"column":41}},"9":{"start":{"line":74,"column":12},"end":{"line":74,"column":37}},"10":{"start":{"line":76,"column":12},"end":{"line":82,"column":13}},"11":{"start":{"line":88,"column":25},"end":{"line":88,"column":35}},"12":{"start":{"line":89,"column":31},"end":{"line":89,"column":46}},"13":{"start":{"line":90,"column":25},"end":{"line":90,"column":40}},"14":{"start":{"line":91,"column":42},"end":{"line":91,"column":52}},"15":{"start":{"line":92,"column":8},"end":{"line":163,"column":9}},"16":{"start":{"line":103,"column":32},"end":{"line":109,"column":33}},"17":{"start":{"line":168,"column":4},"end":{"line":172,"column":5}}},"fnMap":{"0":{"name":"(anonymous_0)","decl":{"start":{"line":37,"column":21},"end":{"line":37,"column":22}},"loc":{"start":{"line":37,"column":44},"end":{"line":59,"column":1}},"line":37},"1":{"name":"(anonymous_1)","decl":{"start":{"line":43,"column":20},"end":{"line":43,"column":21}},"loc":{"start":{"line":43,"column":31},"end":{"line":56,"column":13}},"line":43},"2":{"name":"(anonymous_2)","decl":{"start":{"line":62,"column":4},"end":{"line":62,"column":5}},"loc":{"start":{"line":62,"column":24},"end":{"line":85,"column":5}},"line":62},"3":{"name":"(anonymous_3)","decl":{"start":{"line":87,"column":4},"end":{"line":87,"column":5}},"loc":{"start":{"line":87,"column":13},"end":{"line":164,"column":5}},"line":87},"4":{"name":"(anonymous_4)","decl":{"start":{"line":102,"column":36},"end":{"line":102,"column":37}},"loc":{"start":{"line":102,"column":47},"end":{"line":110,"column":29}},"line":102},"5":{"name":"mapStateToProps","decl":{"start":{"line":167,"column":9},"end":{"line":167,"column":24}},"loc":{"start":{"line":167,"column":32},"end":{"line":173,"column":1}},"line":167}},"branchMap":{"0":{"loc":{"start":{"line":44,"column":23},"end":{"line":55,"column":17}},"type":"cond-expr","locations":[{"start":{"line":45,"column":20},"end":{"line":45,"column":44}},{"start":{"line":47,"column":20},"end":{"line":54,"column":22}}],"line":44},"1":{"loc":{"start":{"line":71,"column":8},"end":{"line":84,"column":9}},"type":"if","locations":[{"start":{"line":71,"column":8},"end":{"line":84,"column":9}},{"start":{"line":71,"column":8},"end":{"line":84,"column":9}}],"line":71}},"s":{"0":0,"1":0,"2":0,"3":0,"4":0,"5":0,"6":0,"7":0,"8":0,"9":0,"10":0,"11":0,"12":0,"13":0,"14":0,"15":0,"16":0,"17":0},"f":{"0":0,"1":0,"2":0,"3":0,"4":0,"5":0},"b":{"0":[0,0],"1":[0,0]},"hash":"15b6e2d324bec6ac82273ecd1d0f3ac5935e8711"}
,"C:\\Users\\karlr\\Documents\\School\\repos\\86-no-more-frontend\\src\\components\\Application.js": {"path":"C:\\Users\\karlr\\Documents\\School\\repos\\86-no-more-frontend\\src\\components\\Application.js","statementMap":{},"fnMap":{},"branchMap":{},"s":{},"f":{},"b":{},"hash":"0fe19a64cba8cc98760192d998963200f89c66f9"}
,"C:\\Users\\karlr\\Documents\\School\\repos\\86-no-more-frontend\\src\\components\\Awareness.js": {"path":"C:\\Users\\karlr\\Documents\\School\\repos\\86-no-more-frontend\\src\\components\\Awareness.js","statementMap":{"0":{"start":{"line":9,"column":8},"end":{"line":28,"column":9}}},"fnMap":{"0":{"name":"(anonymous_0)","decl":{"start":{"line":8,"column":4},"end":{"line":8,"column":5}},"loc":{"start":{"line":8,"column":12},"end":{"line":29,"column":5}},"line":8}},"branchMap":{},"s":{"0":0},"f":{"0":0},"b":{},"hash":"91d569ee55d9e2bdca218c9669b6985ce7f5d2b2"}
,"C:\\Users\\karlr\\Documents\\School\\repos\\86-no-more-frontend\\src\\components\\Cart.js": {"path":"C:\\Users\\karlr\\Documents\\School\\repos\\86-no-more-frontend\\src\\components\\Cart.js","statementMap":{"0":{"start":{"line":8,"column":8},"end":{"line":8,"column":20}},"1":{"start":{"line":10,"column":8},"end":{"line":20,"column":9}},"2":{"start":{"line":23,"column":24},"end":{"line":27,"column":5}},"3":{"start":{"line":24,"column":8},"end":{"line":26,"column":10}},"4":{"start":{"line":29,"column":22},"end":{"line":33,"column":5}},"5":{"start":{"line":30,"column":8},"end":{"line":32,"column":10}},"6":{"start":{"line":36,"column":8},"end":{"line":36,"column":40}},"7":{"start":{"line":38,"column":18},"end":{"line":41,"column":5}},"8":{"start":{"line":39,"column":8},"end":{"line":39,"column":49}},"9":{"start":{"line":40,"column":8},"end":{"line":40,"column":30}},"10":{"start":{"line":44,"column":25},"end":{"line":44,"column":35}},"11":{"start":{"line":45,"column":9},"end":{"line":45,"column":37}},"12":{"start":{"line":46,"column":8},"end":{"line":103,"column":9}},"13":{"start":{"line":51,"column":24},"end":{"line":54,"column":26}},"14":{"start":{"line":67,"column":32},"end":{"line":67,"column":71}},"15":{"start":{"line":86,"column":44},"end":{"line":89,"column":45}},"16":{"start":{"line":107,"column":4},"end":{"line":112,"column":5}}},"fnMap":{"0":{"name":"(anonymous_0)","decl":{"start":{"line":7,"column":4},"end":{"line":7,"column":5}},"loc":{"start":{"line":7,"column":23},"end":{"line":21,"column":5}},"line":7},"1":{"name":"(anonymous_1)","decl":{"start":{"line":23,"column":24},"end":{"line":23,"column":25}},"loc":{"start":{"line":23,"column":44},"end":{"line":27,"column":5}},"line":23},"2":{"name":"(anonymous_2)","decl":{"start":{"line":29,"column":22},"end":{"line":29,"column":23}},"loc":{"start":{"line":29,"column":31},"end":{"line":33,"column":5}},"line":29},"3":{"name":"(anonymous_3)","decl":{"start":{"line":35,"column":4},"end":{"line":35,"column":5}},"loc":{"start":{"line":35,"column":24},"end":{"line":37,"column":5}},"line":35},"4":{"name":"(anonymous_4)","decl":{"start":{"line":38,"column":18},"end":{"line":38,"column":19}},"loc":{"start":{"line":38,"column":24},"end":{"line":41,"column":5}},"line":38},"5":{"name":"(anonymous_5)","decl":{"start":{"line":43,"column":4},"end":{"line":43,"column":5}},"loc":{"start":{"line":43,"column":13},"end":{"line":104,"column":5}},"line":43},"6":{"name":"(anonymous_6)","decl":{"start":{"line":50,"column":31},"end":{"line":50,"column":32}},"loc":{"start":{"line":51,"column":24},"end":{"line":54,"column":26}},"line":51},"7":{"name":"(anonymous_7)","decl":{"start":{"line":66,"column":37},"end":{"line":66,"column":38}},"loc":{"start":{"line":66,"column":43},"end":{"line":68,"column":29}},"line":66},"8":{"name":"(anonymous_8)","decl":{"start":{"line":85,"column":50},"end":{"line":85,"column":51}},"loc":{"start":{"line":85,"column":57},"end":{"line":90,"column":41}},"line":85},"9":{"name":"mapStateToProps","decl":{"start":{"line":106,"column":9},"end":{"line":106,"column":24}},"loc":{"start":{"line":106,"column":32},"end":{"line":113,"column":1}},"line":106}},"branchMap":{"0":{"loc":{"start":{"line":73,"column":29},"end":{"line":98,"column":36}},"type":"cond-expr","locations":[{"start":{"line":74,"column":32},"end":{"line":97,"column":38}},{"start":{"line":98,"column":32},"end":{"line":98,"column":36}}],"line":73}},"s":{"0":0,"1":0,"2":0,"3":0,"4":0,"5":0,"6":0,"7":0,"8":0,"9":0,"10":0,"11":0,"12":0,"13":0,"14":0,"15":0,"16":0},"f":{"0":0,"1":0,"2":0,"3":0,"4":0,"5":0,"6":0,"7":0,"8":0,"9":0},"b":{"0":[0,0]},"hash":"90f11db6c4f7de454834ba0e404d42379e9f7943"}
,"C:\\Users\\karlr\\Documents\\School\\repos\\86-no-more-frontend\\src\\components\\Goal.js": {"path":"C:\\Users\\karlr\\Documents\\School\\repos\\86-no-more-frontend\\src\\components\\Goal.js","statementMap":{"0":{"start":{"line":17,"column":8},"end":{"line":17,"column":20}},"1":{"start":{"line":19,"column":8},"end":{"line":30,"column":9}},"2":{"start":{"line":33,"column":18},"end":{"line":47,"column":5}},"3":{"start":{"line":34,"column":47},"end":{"line":34,"column":57}},"4":{"start":{"line":36,"column":8},"end":{"line":36,"column":29}},"5":{"start":{"line":38,"column":8},"end":{"line":38,"column":65}},"6":{"start":{"line":39,"column":8},"end":{"line":39,"column":79}},"7":{"start":{"line":40,"column":8},"end":{"line":42,"column":10}},"8":{"start":{"line":44,"column":8},"end":{"line":44,"column":52}},"9":{"start":{"line":45,"column":8},"end":{"line":45,"column":58}},"10":{"start":{"line":46,"column":8},"end":{"line":46,"column":56}},"11":{"start":{"line":49,"column":19},"end":{"line":51,"column":5}},"12":{"start":{"line":50,"column":8},"end":{"line":50,"column":53}},"13":{"start":{"line":53,"column":18},"end":{"line":56,"column":5}},"14":{"start":{"line":54,"column":8},"end":{"line":54,"column":49}},"15":{"start":{"line":55,"column":8},"end":{"line":55,"column":30}},"16":{"start":{"line":58,"column":24},"end":{"line":62,"column":5}},"17":{"start":{"line":59,"column":8},"end":{"line":61,"column":10}},"18":{"start":{"line":64,"column":17},"end":{"line":106,"column":5}},"19":{"start":{"line":74,"column":12},"end":{"line":74,"column":22}},"20":{"start":{"line":76,"column":25},"end":{"line":76,"column":40}},"21":{"start":{"line":78,"column":8},"end":{"line":81,"column":10}},"22":{"start":{"line":83,"column":8},"end":{"line":94,"column":9}},"23":{"start":{"line":95,"column":8},"end":{"line":95,"column":79}},"24":{"start":{"line":96,"column":8},"end":{"line":98,"column":10}},"25":{"start":{"line":100,"column":8},"end":{"line":100,"column":52}},"26":{"start":{"line":101,"column":8},"end":{"line":101,"column":52}},"27":{"start":{"line":102,"column":8},"end":{"line":102,"column":50}},"28":{"start":{"line":103,"column":8},"end":{"line":103,"column":50}},"29":{"start":{"line":104,"column":8},"end":{"line":104,"column":51}},"30":{"start":{"line":105,"column":8},"end":{"line":105,"column":51}},"31":{"start":{"line":111,"column":8},"end":{"line":111,"column":40}},"32":{"start":{"line":120,"column":8},"end":{"line":138,"column":9}},"33":{"start":{"line":121,"column":29},"end":{"line":121,"column":74}},"34":{"start":{"line":122,"column":25},"end":{"line":122,"column":46}},"35":{"start":{"line":123,"column":12},"end":{"line":123,"column":49}},"36":{"start":{"line":124,"column":12},"end":{"line":124,"column":32}},"37":{"start":{"line":126,"column":12},"end":{"line":135,"column":15}},"38":{"start":{"line":126,"column":33},"end":{"line":135,"column":13}},"39":{"start":{"line":137,"column":12},"end":{"line":137,"column":56}},"40":{"start":{"line":142,"column":26},"end":{"line":142,"column":41}},"41":{"start":{"line":143,"column":25},"end":{"line":143,"column":40}},"42":{"start":{"line":144,"column":24},"end":{"line":144,"column":34}},"43":{"start":{"line":146,"column":8},"end":{"line":365,"column":9}},"44":{"start":{"line":166,"column":32},"end":{"line":169,"column":33}},"45":{"start":{"line":181,"column":32},"end":{"line":184,"column":33}},"46":{"start":{"line":200,"column":32},"end":{"line":200,"column":80}},"47":{"start":{"line":217,"column":32},"end":{"line":220,"column":33}},"48":{"start":{"line":231,"column":32},"end":{"line":234,"column":33}},"49":{"start":{"line":246,"column":32},"end":{"line":249,"column":33}},"50":{"start":{"line":282,"column":32},"end":{"line":285,"column":33}},"51":{"start":{"line":297,"column":32},"end":{"line":300,"column":33}},"52":{"start":{"line":317,"column":32},"end":{"line":317,"column":80}},"53":{"start":{"line":370,"column":4},"end":{"line":374,"column":5}}},"fnMap":{"0":{"name":"(anonymous_0)","decl":{"start":{"line":16,"column":4},"end":{"line":16,"column":5}},"loc":{"start":{"line":16,"column":23},"end":{"line":31,"column":5}},"line":16},"1":{"name":"(anonymous_1)","decl":{"start":{"line":33,"column":18},"end":{"line":33,"column":19}},"loc":{"start":{"line":33,"column":24},"end":{"line":47,"column":5}},"line":33},"2":{"name":"(anonymous_2)","decl":{"start":{"line":49,"column":19},"end":{"line":49,"column":20}},"loc":{"start":{"line":49,"column":25},"end":{"line":51,"column":5}},"line":49},"3":{"name":"(anonymous_3)","decl":{"start":{"line":53,"column":18},"end":{"line":53,"column":19}},"loc":{"start":{"line":53,"column":24},"end":{"line":56,"column":5}},"line":53},"4":{"name":"(anonymous_4)","decl":{"start":{"line":58,"column":24},"end":{"line":58,"column":25}},"loc":{"start":{"line":58,"column":44},"end":{"line":62,"column":5}},"line":58},"5":{"name":"(anonymous_5)","decl":{"start":{"line":64,"column":17},"end":{"line":64,"column":18}},"loc":{"start":{"line":64,"column":23},"end":{"line":106,"column":5}},"line":64},"6":{"name":"(anonymous_6)","decl":{"start":{"line":110,"column":4},"end":{"line":110,"column":5}},"loc":{"start":{"line":110,"column":30},"end":{"line":139,"column":5}},"line":110},"7":{"name":"(anonymous_7)","decl":{"start":{"line":126,"column":26},"end":{"line":126,"column":27}},"loc":{"start":{"line":126,"column":33},"end":{"line":135,"column":13}},"line":126},"8":{"name":"(anonymous_8)","decl":{"start":{"line":141,"column":4},"end":{"line":141,"column":5}},"loc":{"start":{"line":141,"column":13},"end":{"line":366,"column":5}},"line":141},"9":{"name":"(anonymous_9)","decl":{"start":{"line":165,"column":38},"end":{"line":165,"column":39}},"loc":{"start":{"line":166,"column":32},"end":{"line":169,"column":33}},"line":166},"10":{"name":"(anonymous_10)","decl":{"start":{"line":180,"column":38},"end":{"line":180,"column":39}},"loc":{"start":{"line":181,"column":32},"end":{"line":184,"column":33}},"line":181},"11":{"name":"(anonymous_11)","decl":{"start":{"line":199,"column":38},"end":{"line":199,"column":39}},"loc":{"start":{"line":200,"column":32},"end":{"line":200,"column":80}},"line":200},"12":{"name":"(anonymous_12)","decl":{"start":{"line":216,"column":38},"end":{"line":216,"column":39}},"loc":{"start":{"line":217,"column":32},"end":{"line":220,"column":33}},"line":217},"13":{"name":"(anonymous_13)","decl":{"start":{"line":230,"column":38},"end":{"line":230,"column":39}},"loc":{"start":{"line":231,"column":32},"end":{"line":234,"column":33}},"line":231},"14":{"name":"(anonymous_14)","decl":{"start":{"line":245,"column":38},"end":{"line":245,"column":39}},"loc":{"start":{"line":246,"column":32},"end":{"line":249,"column":33}},"line":246},"15":{"name":"(anonymous_15)","decl":{"start":{"line":281,"column":38},"end":{"line":281,"column":39}},"loc":{"start":{"line":282,"column":32},"end":{"line":285,"column":33}},"line":282},"16":{"name":"(anonymous_16)","decl":{"start":{"line":296,"column":38},"end":{"line":296,"column":39}},"loc":{"start":{"line":297,"column":32},"end":{"line":300,"column":33}},"line":297},"17":{"name":"(anonymous_17)","decl":{"start":{"line":316,"column":38},"end":{"line":316,"column":39}},"loc":{"start":{"line":317,"column":32},"end":{"line":317,"column":80}},"line":317},"18":{"name":"mapStateToProps","decl":{"start":{"line":369,"column":9},"end":{"line":369,"column":24}},"loc":{"start":{"line":369,"column":32},"end":{"line":375,"column":1}},"line":369}},"branchMap":{"0":{"loc":{"start":{"line":157,"column":21},"end":{"line":157,"column":79}},"type":"binary-expr","locations":[{"start":{"line":157,"column":21},"end":{"line":157,"column":26}},{"start":{"line":157,"column":30},"end":{"line":157,"column":79}}],"line":157},"1":{"loc":{"start":{"line":273,"column":21},"end":{"line":273,"column":79}},"type":"binary-expr","locations":[{"start":{"line":273,"column":21},"end":{"line":273,"column":26}},{"start":{"line":273,"column":30},"end":{"line":273,"column":79}}],"line":273},"2":{"loc":{"start":{"line":347,"column":43},"end":{"line":347,"column":127}},"type":"cond-expr","locations":[{"start":{"line":347,"column":73},"end":{"line":347,"column":123}},{"start":{"line":347,"column":126},"end":{"line":347,"column":127}}],"line":347},"3":{"loc":{"start":{"line":349,"column":43},"end":{"line":349,"column":127}},"type":"cond-expr","locations":[{"start":{"line":349,"column":73},"end":{"line":349,"column":123}},{"start":{"line":349,"column":126},"end":{"line":349,"column":127}}],"line":349},"4":{"loc":{"start":{"line":351,"column":43},"end":{"line":351,"column":136}},"type":"cond-expr","locations":[{"start":{"line":351,"column":76},"end":{"line":351,"column":132}},{"start":{"line":351,"column":135},"end":{"line":351,"column":136}}],"line":351},"5":{"loc":{"start":{"line":353,"column":43},"end":{"line":353,"column":142}},"type":"cond-expr","locations":[{"start":{"line":353,"column":78},"end":{"line":353,"column":138}},{"start":{"line":353,"column":141},"end":{"line":353,"column":142}}],"line":353}},"s":{"0":0,"1":0,"2":0,"3":0,"4":0,"5":0,"6":0,"7":0,"8":0,"9":0,"10":0,"11":0,"12":0,"13":0,"14":0,"15":0,"16":0,"17":0,"18":0,"19":0,"20":0,"21":0,"22":0,"23":0,"24":0,"25":0,"26":0,"27":0,"28":0,"29":0,"30":0,"31":0,"32":0,"33":0,"34":0,"35":0,"36":0,"37":0,"38":0,"39":0,"40":0,"41":0,"42":0,"43":0,"44":0,"45":0,"46":0,"47":0,"48":0,"49":0,"50":0,"51":0,"52":0,"53":0},"f":{"0":0,"1":0,"2":0,"3":0,"4":0,"5":0,"6":0,"7":0,"8":0,"9":0,"10":0,"11":0,"12":0,"13":0,"14":0,"15":0,"16":0,"17":0,"18":0},"b":{"0":[0,0],"1":[0,0],"2":[0,0],"3":[0,0],"4":[0,0],"5":[0,0]},"hash":"0d73fa8e2b198a05c7a5ad9e28567a2ae06f8cd8"}
,"C:\\Users\\karlr\\Documents\\School\\repos\\86-no-more-frontend\\src\\components\\History.js": {"path":"C:\\Users\\karlr\\Documents\\School\\repos\\86-no-more-frontend\\src\\components\\History.js","statementMap":{"0":{"start":{"line":9,"column":8},"end":{"line":9,"column":20}},"1":{"start":{"line":11,"column":8},"end":{"line":14,"column":9}},"2":{"start":{"line":18,"column":24},"end":{"line":18,"column":34}},"3":{"start":{"line":19,"column":37},"end":{"line":19,"column":47}},"4":{"start":{"line":23,"column":24},"end":{"line":23,"column":34}},"5":{"start":{"line":24,"column":25},"end":{"line":24,"column":40}},"6":{"start":{"line":25,"column":8},"end":{"line":25,"column":36}},"7":{"start":{"line":26,"column":23},"end":{"line":26,"column":26}},"8":{"start":{"line":27,"column":21},"end":{"line":27,"column":25}},"9":{"start":{"line":28,"column":25},"end":{"line":28,"column":29}},"10":{"start":{"line":29,"column":8},"end":{"line":31,"column":9}},"11":{"start":{"line":30,"column":21},"end":{"line":30,"column":79}},"12":{"start":{"line":32,"column":8},"end":{"line":34,"column":9}},"13":{"start":{"line":33,"column":21},"end":{"line":33,"column":77}},"14":{"start":{"line":35,"column":8},"end":{"line":38,"column":9}},"15":{"start":{"line":37,"column":16},"end":{"line":37,"column":79}},"16":{"start":{"line":39,"column":8},"end":{"line":80,"column":9}},"17":{"start":{"line":85,"column":4},"end":{"line":88,"column":5}}},"fnMap":{"0":{"name":"(anonymous_0)","decl":{"start":{"line":8,"column":4},"end":{"line":8,"column":5}},"loc":{"start":{"line":8,"column":23},"end":{"line":15,"column":5}},"line":8},"1":{"name":"(anonymous_1)","decl":{"start":{"line":17,"column":4},"end":{"line":17,"column":5}},"loc":{"start":{"line":17,"column":24},"end":{"line":20,"column":5}},"line":17},"2":{"name":"(anonymous_2)","decl":{"start":{"line":22,"column":4},"end":{"line":22,"column":5}},"loc":{"start":{"line":22,"column":13},"end":{"line":81,"column":5}},"line":22},"3":{"name":"(anonymous_3)","decl":{"start":{"line":30,"column":12},"end":{"line":30,"column":13}},"loc":{"start":{"line":30,"column":21},"end":{"line":30,"column":79}},"line":30},"4":{"name":"(anonymous_4)","decl":{"start":{"line":33,"column":12},"end":{"line":33,"column":13}},"loc":{"start":{"line":33,"column":21},"end":{"line":33,"column":77}},"line":33},"5":{"name":"(anonymous_5)","decl":{"start":{"line":36,"column":12},"end":{"line":36,"column":13}},"loc":{"start":{"line":37,"column":16},"end":{"line":37,"column":79}},"line":37},"6":{"name":"mapStateToProps","decl":{"start":{"line":84,"column":9},"end":{"line":84,"column":24}},"loc":{"start":{"line":84,"column":32},"end":{"line":89,"column":1}},"line":84}},"branchMap":{"0":{"loc":{"start":{"line":30,"column":21},"end":{"line":30,"column":79}},"type":"binary-expr","locations":[{"start":{"line":30,"column":21},"end":{"line":30,"column":50}},{"start":{"line":30,"column":54},"end":{"line":30,"column":79}}],"line":30},"1":{"loc":{"start":{"line":33,"column":21},"end":{"line":33,"column":77}},"type":"binary-expr","locations":[{"start":{"line":33,"column":21},"end":{"line":33,"column":50}},{"start":{"line":33,"column":54},"end":{"line":33,"column":77}}],"line":33},"2":{"loc":{"start":{"line":37,"column":16},"end":{"line":37,"column":79}},"type":"binary-expr","locations":[{"start":{"line":37,"column":16},"end":{"line":37,"column":45}},{"start":{"line":37,"column":49},"end":{"line":37,"column":79}}],"line":37}},"s":{"0":0,"1":0,"2":0,"3":0,"4":0,"5":0,"6":0,"7":0,"8":0,"9":0,"10":0,"11":0,"12":0,"13":0,"14":0,"15":0,"16":0,"17":0},"f":{"0":0,"1":0,"2":0,"3":0,"4":0,"5":0,"6":0},"b":{"0":[0,0],"1":[0,0],"2":[0,0]},"hash":"9afe20d6802df3d1235585b4e9d6d6507e24386c"}
,"C:\\Users\\karlr\\Documents\\School\\repos\\86-no-more-frontend\\src\\components\\Home.js": {"path":"C:\\Users\\karlr\\Documents\\School\\repos\\86-no-more-frontend\\src\\components\\Home.js","statementMap":{"0":{"start":{"line":7,"column":32},"end":{"line":7,"column":42}},"1":{"start":{"line":8,"column":8},"end":{"line":8,"column":38}},"2":{"start":{"line":9,"column":8},"end":{"line":9,"column":36}},"3":{"start":{"line":10,"column":8},"end":{"line":52,"column":9}},"4":{"start":{"line":57,"column":4},"end":{"line":61,"column":5}}},"fnMap":{"0":{"name":"(anonymous_0)","decl":{"start":{"line":6,"column":4},"end":{"line":6,"column":5}},"loc":{"start":{"line":6,"column":13},"end":{"line":53,"column":5}},"line":6},"1":{"name":"mapStateToProps","decl":{"start":{"line":56,"column":9},"end":{"line":56,"column":24}},"loc":{"start":{"line":56,"column":32},"end":{"line":62,"column":1}},"line":56}},"branchMap":{},"s":{"0":0,"1":0,"2":0,"3":0,"4":0},"f":{"0":0,"1":0},"b":{},"hash":"ba75e2732a50607edb4a439ffcd3d15b2601ba1e"}
,"C:\\Users\\karlr\\Documents\\School\\repos\\86-no-more-frontend\\src\\components\\Job.js": {"path":"C:\\Users\\karlr\\Documents\\School\\repos\\86-no-more-frontend\\src\\components\\Job.js","statementMap":{"0":{"start":{"line":14,"column":18},"end":{"line":36,"column":5}},"1":{"start":{"line":16,"column":33},"end":{"line":16,"column":60}},"2":{"start":{"line":17,"column":36},"end":{"line":19,"column":9}},"3":{"start":{"line":18,"column":27},"end":{"line":18,"column":58}},"4":{"start":{"line":20,"column":8},"end":{"line":20,"column":40}},"5":{"start":{"line":22,"column":32},"end":{"line":25,"column":9}},"6":{"start":{"line":23,"column":34},"end":{"line":23,"column":60}},"7":{"start":{"line":27,"column":32},"end":{"line":27,"column":76}},"8":{"start":{"line":28,"column":8},"end":{"line":28,"column":36}},"9":{"start":{"line":29,"column":8},"end":{"line":35,"column":9}},"10":{"start":{"line":37,"column":17},"end":{"line":43,"column":5}},"11":{"start":{"line":38,"column":8},"end":{"line":38,"column":58}},"12":{"start":{"line":39,"column":8},"end":{"line":41,"column":9}},"13":{"start":{"line":42,"column":8},"end":{"line":42,"column":40}},"14":{"start":{"line":45,"column":8},"end":{"line":45,"column":52}},"15":{"start":{"line":50,"column":24},"end":{"line":50,"column":34}},"16":{"start":{"line":51,"column":25},"end":{"line":51,"column":40}},"17":{"start":{"line":52,"column":8},"end":{"line":167,"column":9}},"18":{"start":{"line":73,"column":47},"end":{"line":73,"column":76}},"19":{"start":{"line":84,"column":47},"end":{"line":84,"column":77}},"20":{"start":{"line":172,"column":4},"end":{"line":176,"column":5}}},"fnMap":{"0":{"name":"(anonymous_0)","decl":{"start":{"line":14,"column":18},"end":{"line":14,"column":19}},"loc":{"start":{"line":14,"column":32},"end":{"line":36,"column":5}},"line":14},"1":{"name":"(anonymous_1)","decl":{"start":{"line":18,"column":12},"end":{"line":18,"column":13}},"loc":{"start":{"line":18,"column":27},"end":{"line":18,"column":58}},"line":18},"2":{"name":"(anonymous_2)","decl":{"start":{"line":23,"column":12},"end":{"line":23,"column":13}},"loc":{"start":{"line":23,"column":34},"end":{"line":23,"column":60}},"line":23},"3":{"name":"(anonymous_3)","decl":{"start":{"line":37,"column":17},"end":{"line":37,"column":18}},"loc":{"start":{"line":37,"column":31},"end":{"line":43,"column":5}},"line":37},"4":{"name":"(anonymous_4)","decl":{"start":{"line":44,"column":4},"end":{"line":44,"column":5}},"loc":{"start":{"line":44,"column":24},"end":{"line":46,"column":5}},"line":44},"5":{"name":"(anonymous_5)","decl":{"start":{"line":49,"column":4},"end":{"line":49,"column":5}},"loc":{"start":{"line":49,"column":13},"end":{"line":168,"column":5}},"line":49},"6":{"name":"(anonymous_6)","decl":{"start":{"line":73,"column":41},"end":{"line":73,"column":42}},"loc":{"start":{"line":73,"column":47},"end":{"line":73,"column":76}},"line":73},"7":{"name":"(anonymous_7)","decl":{"start":{"line":84,"column":41},"end":{"line":84,"column":42}},"loc":{"start":{"line":84,"column":47},"end":{"line":84,"column":77}},"line":84},"8":{"name":"mapStateToProps","decl":{"start":{"line":171,"column":9},"end":{"line":171,"column":24}},"loc":{"start":{"line":171,"column":71},"end":{"line":177,"column":1}},"line":171}},"branchMap":{"0":{"loc":{"start":{"line":58,"column":17},"end":{"line":165,"column":17}},"type":"cond-expr","locations":[{"start":{"line":59,"column":20},"end":{"line":162,"column":26}},{"start":{"line":164,"column":20},"end":{"line":164,"column":22}}],"line":58}},"s":{"0":0,"1":0,"2":0,"3":0,"4":0,"5":0,"6":0,"7":0,"8":0,"9":0,"10":0,"11":0,"12":0,"13":0,"14":0,"15":0,"16":0,"17":0,"18":0,"19":0,"20":0},"f":{"0":0,"1":0,"2":0,"3":0,"4":0,"5":0,"6":0,"7":0,"8":0},"b":{"0":[0,0]},"hash":"837ae618f1ff63d510c5613e5a726a0d04474129"}
,"C:\\Users\\karlr\\Documents\\School\\repos\\86-no-more-frontend\\src\\components\\Job1.js": {"path":"C:\\Users\\karlr\\Documents\\School\\repos\\86-no-more-frontend\\src\\components\\Job1.js","statementMap":{"0":{"start":{"line":9,"column":8},"end":{"line":9,"column":20}},"1":{"start":{"line":10,"column":8},"end":{"line":12,"column":9}},"2":{"start":{"line":15,"column":24},"end":{"line":19,"column":5}},"3":{"start":{"line":16,"column":8},"end":{"line":18,"column":10}},"4":{"start":{"line":20,"column":17},"end":{"line":24,"column":5}},"5":{"start":{"line":21,"column":8},"end":{"line":21,"column":49}},"6":{"start":{"line":22,"column":8},"end":{"line":22,"column":78}},"7":{"start":{"line":23,"column":8},"end":{"line":23,"column":41}},"8":{"start":{"line":27,"column":24},"end":{"line":27,"column":34}},"9":{"start":{"line":28,"column":25},"end":{"line":28,"column":35}},"10":{"start":{"line":29,"column":25},"end":{"line":29,"column":40}},"11":{"start":{"line":30,"column":31},"end":{"line":30,"column":46}},"12":{"start":{"line":31,"column":8},"end":{"line":31,"column":68}},"13":{"start":{"line":32,"column":8},"end":{"line":144,"column":9}},"14":{"start":{"line":50,"column":47},"end":{"line":50,"column":77}},"15":{"start":{"line":83,"column":36},"end":{"line":86,"column":37}},"16":{"start":{"line":130,"column":36},"end":{"line":132,"column":43}},"17":{"start":{"line":149,"column":4},"end":{"line":152,"column":5}}},"fnMap":{"0":{"name":"(anonymous_0)","decl":{"start":{"line":8,"column":4},"end":{"line":8,"column":5}},"loc":{"start":{"line":8,"column":23},"end":{"line":13,"column":5}},"line":8},"1":{"name":"(anonymous_1)","decl":{"start":{"line":15,"column":24},"end":{"line":15,"column":25}},"loc":{"start":{"line":15,"column":44},"end":{"line":19,"column":5}},"line":15},"2":{"name":"(anonymous_2)","decl":{"start":{"line":20,"column":17},"end":{"line":20,"column":18}},"loc":{"start":{"line":20,"column":31},"end":{"line":24,"column":5}},"line":20},"3":{"name":"(anonymous_3)","decl":{"start":{"line":26,"column":4},"end":{"line":26,"column":5}},"loc":{"start":{"line":26,"column":13},"end":{"line":145,"column":5}},"line":26},"4":{"name":"(anonymous_4)","decl":{"start":{"line":50,"column":41},"end":{"line":50,"column":42}},"loc":{"start":{"line":50,"column":47},"end":{"line":50,"column":77}},"line":50},"5":{"name":"(anonymous_5)","decl":{"start":{"line":82,"column":42},"end":{"line":82,"column":43}},"loc":{"start":{"line":83,"column":36},"end":{"line":86,"column":37}},"line":83},"6":{"name":"(anonymous_6)","decl":{"start":{"line":129,"column":76},"end":{"line":129,"column":77}},"loc":{"start":{"line":130,"column":36},"end":{"line":132,"column":43}},"line":130},"7":{"name":"mapStateToProps","decl":{"start":{"line":148,"column":9},"end":{"line":148,"column":24}},"loc":{"start":{"line":148,"column":53},"end":{"line":153,"column":1}},"line":148}},"branchMap":{"0":{"loc":{"start":{"line":38,"column":17},"end":{"line":142,"column":17}},"type":"cond-expr","locations":[{"start":{"line":39,"column":20},"end":{"line":139,"column":26}},{"start":{"line":141,"column":20},"end":{"line":141,"column":22}}],"line":38},"1":{"loc":{"start":{"line":129,"column":33},"end":{"line":133,"column":34}},"type":"binary-expr","locations":[{"start":{"line":129,"column":33},"end":{"line":129,"column":50}},{"start":{"line":129,"column":54},"end":{"line":133,"column":34}}],"line":129}},"s":{"0":0,"1":0,"2":0,"3":0,"4":0,"5":0,"6":0,"7":0,"8":0,"9":0,"10":0,"11":0,"12":0,"13":0,"14":0,"15":0,"16":0,"17":0},"f":{"0":0,"1":0,"2":0,"3":0,"4":0,"5":0,"6":0,"7":0},"b":{"0":[0,0],"1":[0,0]},"hash":"73d864a4e475ddfc5345a0c4bedb1526ceebbf4d"}
,"C:\\Users\\karlr\\Documents\\School\\repos\\86-no-more-frontend\\src\\components\\Login.js": {"path":"C:\\Users\\karlr\\Documents\\School\\repos\\86-no-more-frontend\\src\\components\\Login.js","statementMap":{"0":{"start":{"line":10,"column":8},"end":{"line":10,"column":20}},"1":{"start":{"line":14,"column":8},"end":{"line":17,"column":9}},"2":{"start":{"line":21,"column":8},"end":{"line":21,"column":45}},"3":{"start":{"line":24,"column":24},"end":{"line":28,"column":5}},"4":{"start":{"line":25,"column":8},"end":{"line":27,"column":10}},"5":{"start":{"line":30,"column":27},"end":{"line":34,"column":5}},"6":{"start":{"line":31,"column":8},"end":{"line":33,"column":10}},"7":{"start":{"line":36,"column":23},"end":{"line":46,"column":5}},"8":{"start":{"line":37,"column":8},"end":{"line":37,"column":26}},"9":{"start":{"line":40,"column":8},"end":{"line":40,"column":31}},"10":{"start":{"line":41,"column":36},"end":{"line":41,"column":46}},"11":{"start":{"line":43,"column":8},"end":{"line":45,"column":9}},"12":{"start":{"line":44,"column":12},"end":{"line":44,"column":55}},"13":{"start":{"line":48,"column":21},"end":{"line":54,"column":5}},"14":{"start":{"line":49,"column":8},"end":{"line":49,"column":29}},"15":{"start":{"line":50,"column":8},"end":{"line":50,"column":40}},"16":{"start":{"line":51,"column":8},"end":{"line":53,"column":9}},"17":{"start":{"line":57,"column":50},"end":{"line":57,"column":65}},"18":{"start":{"line":58,"column":25},"end":{"line":60,"column":9}},"19":{"start":{"line":62,"column":8},"end":{"line":64,"column":9}},"20":{"start":{"line":63,"column":12},"end":{"line":63,"column":41}},"21":{"start":{"line":66,"column":8},"end":{"line":119,"column":9}},"22":{"start":{"line":124,"column":4},"end":{"line":126,"column":5}}},"fnMap":{"0":{"name":"(anonymous_0)","decl":{"start":{"line":9,"column":4},"end":{"line":9,"column":5}},"loc":{"start":{"line":9,"column":23},"end":{"line":18,"column":5}},"line":9},"1":{"name":"(anonymous_1)","decl":{"start":{"line":20,"column":4},"end":{"line":20,"column":5}},"loc":{"start":{"line":20,"column":27},"end":{"line":22,"column":5}},"line":20},"2":{"name":"(anonymous_2)","decl":{"start":{"line":24,"column":24},"end":{"line":24,"column":25}},"loc":{"start":{"line":24,"column":31},"end":{"line":28,"column":5}},"line":24},"3":{"name":"(anonymous_3)","decl":{"start":{"line":30,"column":27},"end":{"line":30,"column":28}},"loc":{"start":{"line":30,"column":34},"end":{"line":34,"column":5}},"line":30},"4":{"name":"(anonymous_4)","decl":{"start":{"line":36,"column":23},"end":{"line":36,"column":24}},"loc":{"start":{"line":36,"column":30},"end":{"line":46,"column":5}},"line":36},"5":{"name":"(anonymous_5)","decl":{"start":{"line":48,"column":21},"end":{"line":48,"column":22}},"loc":{"start":{"line":48,"column":35},"end":{"line":54,"column":5}},"line":48},"6":{"name":"(anonymous_6)","decl":{"start":{"line":56,"column":4},"end":{"line":56,"column":5}},"loc":{"start":{"line":56,"column":13},"end":{"line":120,"column":5}},"line":56},"7":{"name":"mapStateToProps","decl":{"start":{"line":123,"column":9},"end":{"line":123,"column":24}},"loc":{"start":{"line":123,"column":32},"end":{"line":127,"column":1}},"line":123}},"branchMap":{"0":{"loc":{"start":{"line":43,"column":8},"end":{"line":45,"column":9}},"type":"if","locations":[{"start":{"line":43,"column":8},"end":{"line":45,"column":9}},{"start":{"line":43,"column":8},"end":{"line":45,"column":9}}],"line":43},"1":{"loc":{"start":{"line":43,"column":12},"end":{"line":43,"column":29}},"type":"binary-expr","locations":[{"start":{"line":43,"column":12},"end":{"line":43,"column":17}},{"start":{"line":43,"column":21},"end":{"line":43,"column":29}}],"line":43},"2":{"loc":{"start":{"line":58,"column":25},"end":{"line":60,"column":9}},"type":"binary-expr","locations":[{"start":{"line":58,"column":25},"end":{"line":58,"column":50}},{"start":{"line":58,"column":54},"end":{"line":60,"column":9}}],"line":58},"3":{"loc":{"start":{"line":62,"column":8},"end":{"line":64,"column":9}},"type":"if","locations":[{"start":{"line":62,"column":8},"end":{"line":64,"column":9}},{"start":{"line":62,"column":8},"end":{"line":64,"column":9}}],"line":62},"4":{"loc":{"start":{"line":70,"column":21},"end":{"line":70,"column":79}},"type":"binary-expr","locations":[{"start":{"line":70,"column":21},"end":{"line":70,"column":26}},{"start":{"line":70,"column":30},"end":{"line":70,"column":79}}],"line":70},"5":{"loc":{"start":{"line":92,"column":25},"end":{"line":106,"column":25}},"type":"cond-expr","locations":[{"start":{"line":93,"column":28},"end":{"line":98,"column":37}},{"start":{"line":100,"column":28},"end":{"line":105,"column":37}}],"line":92}},"s":{"0":0,"1":0,"2":0,"3":0,"4":0,"5":0,"6":0,"7":0,"8":0,"9":0,"10":0,"11":0,"12":0,"13":0,"14":0,"15":0,"16":0,"17":0,"18":0,"19":0,"20":0,"21":0,"22":0},"f":{"0":0,"1":0,"2":0,"3":0,"4":0,"5":0,"6":0,"7":0},"b":{"0":[0,0],"1":[0,0],"2":[0,0],"3":[0,0],"4":[0,0],"5":[0,0]},"hash":"72612bdac1d19ae99a0ecc6dc1ca3f0fce85fb9d"}
,"C:\\Users\\karlr\\Documents\\School\\repos\\86-no-more-frontend\\src\\components\\Menu.js": {"path":"C:\\Users\\karlr\\Documents\\School\\repos\\86-no-more-frontend\\src\\components\\Menu.js","statementMap":{"0":{"start":{"line":15,"column":8},"end":{"line":15,"column":20}},"1":{"start":{"line":17,"column":8},"end":{"line":25,"column":9}},"2":{"start":{"line":28,"column":19},"end":{"line":33,"column":5}},"3":{"start":{"line":29,"column":27},"end":{"line":29,"column":41}},"4":{"start":{"line":30,"column":8},"end":{"line":30,"column":31}},"5":{"start":{"line":32,"column":8},"end":{"line":32,"column":52}},"6":{"start":{"line":34,"column":18},"end":{"line":50,"column":5}},"7":{"start":{"line":43,"column":12},"end":{"line":43,"column":22}},"8":{"start":{"line":45,"column":25},"end":{"line":45,"column":40}},"9":{"start":{"line":46,"column":24},"end":{"line":46,"column":34}},"10":{"start":{"line":47,"column":8},"end":{"line":47,"column":29}},"11":{"start":{"line":49,"column":8},"end":{"line":49,"column":57}},"12":{"start":{"line":52,"column":18},"end":{"line":55,"column":5}},"13":{"start":{"line":53,"column":8},"end":{"line":53,"column":49}},"14":{"start":{"line":54,"column":8},"end":{"line":54,"column":30}},"15":{"start":{"line":57,"column":24},"end":{"line":61,"column":5}},"16":{"start":{"line":58,"column":8},"end":{"line":60,"column":10}},"17":{"start":{"line":63,"column":30},"end":{"line":68,"column":5}},"18":{"start":{"line":64,"column":8},"end":{"line":66,"column":11}},"19":{"start":{"line":65,"column":64},"end":{"line":65,"column":76}},"20":{"start":{"line":67,"column":8},"end":{"line":67,"column":47}},"21":{"start":{"line":70,"column":17},"end":{"line":84,"column":5}},"22":{"start":{"line":71,"column":89},"end":{"line":71,"column":99}},"23":{"start":{"line":73,"column":25},"end":{"line":73,"column":40}},"24":{"start":{"line":75,"column":8},"end":{"line":78,"column":10}},"25":{"start":{"line":80,"column":8},"end":{"line":82,"column":9}},"26":{"start":{"line":83,"column":8},"end":{"line":83,"column":35}},"27":{"start":{"line":86,"column":8},"end":{"line":86,"column":40}},"28":{"start":{"line":90,"column":26},"end":{"line":90,"column":41}},"29":{"start":{"line":92,"column":25},"end":{"line":92,"column":35}},"30":{"start":{"line":94,"column":8},"end":{"line":181,"column":9}},"31":{"start":{"line":113,"column":32},"end":{"line":116,"column":33}},"32":{"start":{"line":128,"column":32},"end":{"line":131,"column":33}},"33":{"start":{"line":143,"column":32},"end":{"line":146,"column":33}},"34":{"start":{"line":186,"column":4},"end":{"line":191,"column":5}}},"fnMap":{"0":{"name":"(anonymous_0)","decl":{"start":{"line":14,"column":4},"end":{"line":14,"column":5}},"loc":{"start":{"line":14,"column":23},"end":{"line":26,"column":5}},"line":14},"1":{"name":"(anonymous_1)","decl":{"start":{"line":28,"column":19},"end":{"line":28,"column":20}},"loc":{"start":{"line":28,"column":26},"end":{"line":33,"column":5}},"line":28},"2":{"name":"(anonymous_2)","decl":{"start":{"line":34,"column":18},"end":{"line":34,"column":19}},"loc":{"start":{"line":34,"column":24},"end":{"line":50,"column":5}},"line":34},"3":{"name":"(anonymous_3)","decl":{"start":{"line":52,"column":18},"end":{"line":52,"column":19}},"loc":{"start":{"line":52,"column":24},"end":{"line":55,"column":5}},"line":52},"4":{"name":"(anonymous_4)","decl":{"start":{"line":57,"column":24},"end":{"line":57,"column":25}},"loc":{"start":{"line":57,"column":44},"end":{"line":61,"column":5}},"line":57},"5":{"name":"(anonymous_5)","decl":{"start":{"line":63,"column":30},"end":{"line":63,"column":31}},"loc":{"start":{"line":63,"column":51},"end":{"line":68,"column":5}},"line":63},"6":{"name":"(anonymous_6)","decl":{"start":{"line":65,"column":54},"end":{"line":65,"column":55}},"loc":{"start":{"line":65,"column":64},"end":{"line":65,"column":76}},"line":65},"7":{"name":"(anonymous_7)","decl":{"start":{"line":70,"column":17},"end":{"line":70,"column":18}},"loc":{"start":{"line":70,"column":23},"end":{"line":84,"column":5}},"line":70},"8":{"name":"(anonymous_8)","decl":{"start":{"line":85,"column":4},"end":{"line":85,"column":5}},"loc":{"start":{"line":85,"column":24},"end":{"line":87,"column":5}},"line":85},"9":{"name":"(anonymous_9)","decl":{"start":{"line":89,"column":4},"end":{"line":89,"column":5}},"loc":{"start":{"line":89,"column":13},"end":{"line":182,"column":5}},"line":89},"10":{"name":"(anonymous_10)","decl":{"start":{"line":112,"column":38},"end":{"line":112,"column":39}},"loc":{"start":{"line":113,"column":32},"end":{"line":116,"column":33}},"line":113},"11":{"name":"(anonymous_11)","decl":{"start":{"line":127,"column":38},"end":{"line":127,"column":39}},"loc":{"start":{"line":128,"column":32},"end":{"line":131,"column":33}},"line":128},"12":{"name":"(anonymous_12)","decl":{"start":{"line":142,"column":38},"end":{"line":142,"column":39}},"loc":{"start":{"line":143,"column":32},"end":{"line":146,"column":33}},"line":143},"13":{"name":"mapStateToProps","decl":{"start":{"line":185,"column":9},"end":{"line":185,"column":24}},"loc":{"start":{"line":185,"column":32},"end":{"line":192,"column":1}},"line":185}},"branchMap":{"0":{"loc":{"start":{"line":105,"column":21},"end":{"line":105,"column":79}},"type":"binary-expr","locations":[{"start":{"line":105,"column":21},"end":{"line":105,"column":26}},{"start":{"line":105,"column":30},"end":{"line":105,"column":79}}],"line":105}},"s":{"0":0,"1":0,"2":0,"3":0,"4":0,"5":0,"6":0,"7":0,"8":0,"9":0,"10":0,"11":0,"12":0,"13":0,"14":0,"15":0,"16":0,"17":0,"18":0,"19":0,"20":0,"21":0,"22":0,"23":0,"24":0,"25":0,"26":0,"27":0,"28":0,"29":0,"30":0,"31":0,"32":0,"33":0,"34":0},"f":{"0":0,"1":0,"2":0,"3":0,"4":0,"5":0,"6":0,"7":0,"8":0,"9":0,"10":0,"11":0,"12":0,"13":0},"b":{"0":[0,0]},"hash":"048c9296c1b1927cbde86c608b1e8d1bdc1c702d"}
,"C:\\Users\\karlr\\Documents\\School\\repos\\86-no-more-frontend\\src\\components\\Navbar.js": {"path":"C:\\Users\\karlr\\Documents\\School\\repos\\86-no-more-frontend\\src\\components\\Navbar.js","statementMap":{"0":{"start":{"line":17,"column":13},"end":{"line":20,"column":5}},"1":{"start":{"line":18,"column":8},"end":{"line":18,"column":40}},"2":{"start":{"line":19,"column":8},"end":{"line":19,"column":41}},"3":{"start":{"line":22,"column":19},"end":{"line":26,"column":5}},"4":{"start":{"line":23,"column":27},"end":{"line":23,"column":41}},"5":{"start":{"line":25,"column":8},"end":{"line":25,"column":52}},"6":{"start":{"line":29,"column":25},"end":{"line":29,"column":35}},"7":{"start":{"line":30,"column":25},"end":{"line":30,"column":40}},"8":{"start":{"line":32,"column":8},"end":{"line":182,"column":9}},"9":{"start":{"line":187,"column":4},"end":{"line":189,"column":5}}},"fnMap":{"0":{"name":"(anonymous_0)","decl":{"start":{"line":17,"column":13},"end":{"line":17,"column":14}},"loc":{"start":{"line":17,"column":19},"end":{"line":20,"column":5}},"line":17},"1":{"name":"(anonymous_1)","decl":{"start":{"line":22,"column":19},"end":{"line":22,"column":20}},"loc":{"start":{"line":22,"column":26},"end":{"line":26,"column":5}},"line":22},"2":{"name":"(anonymous_2)","decl":{"start":{"line":28,"column":4},"end":{"line":28,"column":5}},"loc":{"start":{"line":28,"column":13},"end":{"line":183,"column":5}},"line":28},"3":{"name":"mapStateToProps","decl":{"start":{"line":186,"column":9},"end":{"line":186,"column":24}},"loc":{"start":{"line":186,"column":32},"end":{"line":190,"column":1}},"line":186}},"branchMap":{"0":{"loc":{"start":{"line":46,"column":17},"end":{"line":105,"column":17}},"type":"binary-expr","locations":[{"start":{"line":46,"column":17},"end":{"line":46,"column":32}},{"start":{"line":47,"column":20},"end":{"line":104,"column":26}}],"line":46},"1":{"loc":{"start":{"line":108,"column":25},"end":{"line":132,"column":25}},"type":"binary-expr","locations":[{"start":{"line":108,"column":25},"end":{"line":108,"column":40}},{"start":{"line":109,"column":28},"end":{"line":131,"column":34}}],"line":108},"2":{"loc":{"start":{"line":136,"column":33},"end":{"line":149,"column":33}},"type":"binary-expr","locations":[{"start":{"line":136,"column":33},"end":{"line":136,"column":49}},{"start":{"line":137,"column":36},"end":{"line":148,"column":41}}],"line":136},"3":{"loc":{"start":{"line":151,"column":33},"end":{"line":162,"column":33}},"type":"binary-expr","locations":[{"start":{"line":151,"column":33},"end":{"line":151,"column":48}},{"start":{"line":152,"column":36},"end":{"line":161,"column":41}}],"line":151},"4":{"loc":{"start":{"line":163,"column":33},"end":{"line":176,"column":33}},"type":"binary-expr","locations":[{"start":{"line":163,"column":33},"end":{"line":163,"column":49}},{"start":{"line":164,"column":36},"end":{"line":175,"column":41}}],"line":163}},"s":{"0":0,"1":0,"2":0,"3":0,"4":0,"5":0,"6":0,"7":0,"8":0,"9":0},"f":{"0":0,"1":0,"2":0,"3":0},"b":{"0":[0,0],"1":[0,0],"2":[0,0],"3":[0,0],"4":[0,0]},"hash":"f93fbd1fa5d6fe833dc7a3d6565d6652e94587a1"}
,"C:\\Users\\karlr\\Documents\\School\\repos\\86-no-more-frontend\\src\\components\\Notification.js": {"path":"C:\\Users\\karlr\\Documents\\School\\repos\\86-no-more-frontend\\src\\components\\Notification.js","statementMap":{"0":{"start":{"line":19,"column":18},"end":{"line":37,"column":2}},"1":{"start":{"line":41,"column":8},"end":{"line":41,"column":20}},"2":{"start":{"line":43,"column":8},"end":{"line":52,"column":9}},"3":{"start":{"line":55,"column":19},"end":{"line":60,"column":5}},"4":{"start":{"line":56,"column":27},"end":{"line":56,"column":41}},"5":{"start":{"line":57,"column":8},"end":{"line":57,"column":31}},"6":{"start":{"line":59,"column":8},"end":{"line":59,"column":52}},"7":{"start":{"line":62,"column":18},"end":{"line":65,"column":5}},"8":{"start":{"line":63,"column":8},"end":{"line":63,"column":49}},"9":{"start":{"line":64,"column":8},"end":{"line":64,"column":30}},"10":{"start":{"line":67,"column":24},"end":{"line":71,"column":5}},"11":{"start":{"line":68,"column":8},"end":{"line":70,"column":10}},"12":{"start":{"line":73,"column":17},"end":{"line":93,"column":5}},"13":{"start":{"line":82,"column":12},"end":{"line":82,"column":22}},"14":{"start":{"line":84,"column":25},"end":{"line":84,"column":40}},"15":{"start":{"line":85,"column":24},"end":{"line":85,"column":34}},"16":{"start":{"line":86,"column":8},"end":{"line":86,"column":29}},"17":{"start":{"line":88,"column":8},"end":{"line":88,"column":57}},"18":{"start":{"line":90,"column":8},"end":{"line":92,"column":10}},"19":{"start":{"line":95,"column":29},"end":{"line":97,"column":11}},"20":{"start":{"line":98,"column":8},"end":{"line":104,"column":9}},"21":{"start":{"line":100,"column":8},"end":{"line":100,"column":25}},"22":{"start":{"line":103,"column":10},"end":{"line":103,"column":34}},"23":{"start":{"line":108,"column":8},"end":{"line":108,"column":40}},"24":{"start":{"line":112,"column":26},"end":{"line":112,"column":41}},"25":{"start":{"line":113,"column":25},"end":{"line":113,"column":40}},"26":{"start":{"line":114,"column":24},"end":{"line":114,"column":34}},"27":{"start":{"line":116,"column":18},"end":{"line":116,"column":69}},"28":{"start":{"line":117,"column":20},"end":{"line":117,"column":34}},"29":{"start":{"line":119,"column":8},"end":{"line":240,"column":9}},"30":{"start":{"line":132,"column":45},"end":{"line":132,"column":71}},"31":{"start":{"line":133,"column":32},"end":{"line":133,"c
[...]
,"C:\\Users\\karlr\\Documents\\School\\repos\\86-no-more-frontend\\src\\components\\UserApplication.js": {"path":"C:\\Users\\karlr\\Documents\\School\\repos\\86-no-more-frontend\\src\\components\\UserApplication.js","statementMap":{},"fnMap":{},"branchMap":{},"s":{},"f":{},"b":{},"hash":"8d5ff6d9b16301867c224417c450ffa32e9c6fba"}
,"C:\\Users\\karlr\\Documents\\School\\repos\\86-no-more-frontend\\src\\components\\Widgets.js": {"path":"C:\\Users\\karlr\\Documents\\School\\repos\\86-no-more-frontend\\src\\components\\Widgets.js","statementMap":{},"fnMap":{},"branchMap":{},"s":{},"f":{},"b":{},"hash":"8610913107d9b96df6b4a969fb02b3f452cf21e9"}
,"C:\\Users\\karlr\\Documents\\School\\repos\\86-no-more-frontend\\src\\components\\index.js": {"path":"C:\\Users\\karlr\\Documents\\School\\repos\\86-no-more-frontend\\src\\components\\index.js","statementMap":{},"fnMap":{},"branchMap":{},"s":{},"f":{},"b":{},"hash":"9548aa2fce2c59612fa8333163e241df702d1b80"}
,"C:\\Users\\karlr\\Documents\\School\\repos\\86-no-more-frontend\\src\\helpers\\urls.js": {"path":"C:\\Users\\karlr\\Documents\\School\\repos\\86-no-more-frontend\\src\\helpers\\urls.js","statementMap":{"0":{"start":{"line":1,"column":17},"end":{"line":1,"column":47}},"1":{"start":{"line":3,"column":23},"end":{"line":22,"column":1}},"2":{"start":{"line":4,"column":17},"end":{"line":4,"column":51}},"3":{"start":{"line":5,"column":18},"end":{"line":5,"column":44}},"4":{"start":{"line":6,"column":21},"end":{"line":6,"column":41}},"5":{"start":{"line":7,"column":23},"end":{"line":7,"column":47}},"6":{"start":{"line":8,"column":20},"end":{"line":8,"column":48}},"7":{"start":{"line":10,"column":21},"end":{"line":10,"column":50}},"8":{"start":{"line":11,"column":22},"end":{"line":11,"column":52}},"9":{"start":{"line":13,"column":22},"end":{"line":13,"column":52}},"10":{"start":{"line":15,"column":34},"end":{"line":15,"column":76}},"11":{"start":{"line":17,"column":33},"end":{"line":17,"column":74}},"12":{"start":{"line":18,"column":22},"end":{"line":18,"column":52}},"13":{"start":{"line":19,"column":31},"end":{"line":19,"column":70}},"14":{"start":{"line":21,"column":34},"end":{"line":21,"column":76}}},"fnMap":{"0":{"name":"(anonymous_0)","decl":{"start":{"line":4,"column":11},"end":{"line":4,"column":12}},"loc":{"start":{"line":4,"column":17},"end":{"line":4,"column":51}},"line":4},"1":{"name":"(anonymous_1)","decl":{"start":{"line":5,"column":12},"end":{"line":5,"column":13}},"loc":{"start":{"line":5,"column":18},"end":{"line":5,"column":44}},"line":5},"2":{"name":"(anonymous_2)","decl":{"start":{"line":6,"column":15},"end":{"line":6,"column":16}},"loc":{"start":{"line":6,"column":21},"end":{"line":6,"column":41}},"line":6},"3":{"name":"(anonymous_3)","decl":{"start":{"line":7,"column":17},"end":{"line":7,"column":18}},"loc":{"start":{"line":7,"column":23},"end":{"line":7,"column":47}},"line":7},"4":{"name":"(anonymous_4)","decl":{"start":{"line":8,"column":14},"end":{"line":8,"column":15}},"loc":{"start":{"line":8,"column":20},"end":{"line":8,"column":48}},"line":8},"5":{"name":"(anonymous_5)","decl":{"start":{"line":10,"column":15},"end":{"line":10,"column":16}},"loc":{"start":{"line":10,"column":21},"end":{"line":10,"column":50}},"line":10},"6":{"name":"(anonymous_6)","decl":{"start":{"line":11,"column":16},"end":{"line":11,"column":17}},"loc":{"start":{"line":11,"column":22},"end":{"line":11,"column":52}},"line":11},"7":{"name":"(anonymous_7)","decl":{"start":{"line":13,"column":16},"end":{"line":13,"column":17}},"loc":{"start":{"line":13,"column":22},"end":{"line":13,"column":52}},"line":13},"8":{"name":"(anonymous_8)","decl":{"start":{"line":15,"column":28},"end":{"line":15,"column":29}},"loc":{"start":{"line":15,"column":34},"end":{"line":15,"column":76}},"line":15},"9":{"name":"(anonymous_9)","decl":{"start":{"line":17,"column":27},"end":{"line":17,"column":28}},"loc":{"start":{"line":17,"column":33},"end":{"line":17,"column":74}},"line":17},"10":{"name":"(anonymous_10)","decl":{"start":{"line":18,"column":16},"end":{"line":18,"column":17}},"loc":{"start":{"line":18,"column":22},"end":{"line":18,"column":52}},"line":18},"11":{"name":"(anonymous_11)","decl":{"start":{"line":19,"column":25},"end":{"line":19,"column":26}},"loc":{"start":{"line":19,"column":31},"end":{"line":19,"column":70}},"line":19},"12":{"name":"(anonymous_12)","decl":{"start":{"line":21,"column":28},"end":{"line":21,"column":29}},"loc":{"start":{"line":21,"column":34},"end":{"line":21,"column":76}},"line":21}},"branchMap":{},"s":{"0":0,"1":0,"2":0,"3":0,"4":0,"5":0,"6":0,"7":0,"8":0,"9":0,"10":0,"11":0,"12":0,"13":0,"14":0},"f":{"0":0,"1":0,"2":0,"3":0,"4":0,"5":0,"6":0,"7":0,"8":0,"9":0,"10":0,"11":0,"12":0},"b":{},"hash":"06f76eddc4cbd278a0221b6a6c79f1efccad4339"}
,"C:\\Users\\karlr\\Documents\\School\\repos\\86-no-more-frontend\\src\\helpers\\utils.js": {"path":"C:\\Users\\karlr\\Documents\\School\\repos\\86-no-more-frontend\\src\\helpers\\utils.js","statementMap":{"0":{"start":{"line":2,"column":19},"end":{"line":2,"column":21}},"1":{"start":{"line":4,"column":4},"end":{"line":9,"column":5}},"2":{"start":{"line":5,"column":25},"end":{"line":5,"column":53}},"3":{"start":{"line":6,"column":27},"end":{"line":6,"column":63}},"4":{"start":{"line":8,"column":8},"end":{"line":8,"column":54}},"5":{"start":{"line":11,"column":4},"end":{"line":11,"column":29}},"6":{"start":{"line":15,"column":4},"end":{"line":15,"column":40}}},"fnMap":{"0":{"name":"getFormBody","decl":{"start":{"line":1,"column":16},"end":{"line":1,"column":27}},"loc":{"start":{"line":1,"column":36},"end":{"line":12,"column":1}},"line":1},"1":{"name":"getAuthTokenFromLocalStorage","decl":{"start":{"line":14,"column":16},"end":{"line":14,"column":44}},"loc":{"start":{"line":14,"column":47},"end":{"line":16,"column":1}},"line":14}},"branchMap":{},"s":{"0":0,"1":0,"2":0,"3":0,"4":0,"5":0,"6":0},"f":{"0":0,"1":0},"b":{},"hash":"1db2c885fe7d0a9eb9fad55f312c70eed2d22687"}
,"C:\\Users\\karlr\\Documents\\School\\repos\\86-no-more-frontend\\src\\reducers\\application.js": {"path":"C:\\Users\\karlr\\Documents\\School\\repos\\86-no-more-frontend\\src\\reducers\\application.js","statementMap":{"0":{"start":{"line":11,"column":4},"end":{"line":48,"column":5}},"1":{"start":{"line":13,"column":12},"end":{"line":13,"column":37}},"2":{"start":{"line":16,"column":12},"end":{"line":16,"column":49}},"3":{"start":{"line":19,"column":39},"end":{"line":28,"column":14}},"4":{"start":{"line":20,"column":16},"end":{"line":25,"column":17}},"5":{"start":{"line":21,"column":20},"end":{"line":24,"column":21}},"6":{"start":{"line":27,"column":16},"end":{"line":27,"column":34}},"7":{"start":{"line":30,"column":12},"end":{"line":30,"column":37}},"8":{"start":{"line":33,"column":40},"end":{"line":42,"column":14}},"9":{"start":{"line":34,"column":16},"end":{"line":39,"column":17}},"10":{"start":{"line":35,"column":20},"end":{"line":38,"column":21}},"11":{"start":{"line":41,"column":16},"end":{"line":41,"column":34}},"12":{"start":{"line":44,"column":12},"end":{"line":44,"column":38}},"13":{"start":{"line":47,"column":12},"end":{"line":47,"column":24}}},"fnMap":{"0":{"name":"application","decl":{"start":{"line":8,"column":24},"end":{"line":8,"column":35}},"loc":{"start":{"line":8,"column":56},"end":{"line":49,"column":1}},"line":8},"1":{"name":"(anonymous_1)","decl":{"start":{"line":19,"column":49},"end":{"line":19,"column":50}},"loc":{"start":{"line":19,"column":66},"end":{"line":28,"column":13}},"line":19},"2":{"name":"(anonymous_2)","decl":{"start":{"line":33,"column":50},"end":{"line":33,"column":51}},"loc":{"start":{"line":33,"column":67},"end":{"line":42,"column":13}},"line":33}},"branchMap":{"0":{"loc":{"start":{"line":8,"column":36},"end":{"line":8,"column":46}},"type":"default-arg","locations":[{"start":{"line":8,"column":44},"end":{"line":8,"column":46}}],"line":8},"1":{"loc":{"start":{"line":11,"column":4},"end":{"line":48,"column":5}},"type":"switch","locations":[{"start":{"line":12,"column":8},"end":{"line":13,"column":37}},{"start":{"line":15,"column":8},"end":{"line":16,"column":49}},{"start":{"line":18,"column":8},"end":{"line":30,"column":37}},{"start":{"line":32,"column":8},"end":{"line":44,"column":38}},{"start":{"line":46,"column":8},"end":{"line":47,"column":24}}],"line":11},"2":{"loc":{"start":{"line":20,"column":16},"end":{"line":25,"column":17}},"type":"if","locations":[{"start":{"line":20,"column":16},"end":{"line":25,"column":17}},{"start":{"line":20,"column":16},"end":{"line":25,"column":17}}],"line":20},"3":{"loc":{"start":{"line":34,"column":16},"end":{"line":39,"column":17}},"type":"if","locations":[{"start":{"line":34,"column":16},"end":{"line":39,"column":17}},{"start":{"line":34,"column":16},"end":{"line":39,"column":17}}],"line":34}},"s":{"0":0,"1":0,"2":0,"3":0,"4":0,"5":0,"6":0,"7":0,"8":0,"9":0,"10":0,"11":0,"12":0,"13":0},"f":{"0":0,"1":0,"2":0},"b":{"0":[0],"1":[0,0,0,0,0],"2":[0,0],"3":[0,0]},"hash":"b3ed9697fe05d8322b1576d443878aa0fd357811"}
,"C:\\Users\\karlr\\Documents\\School\\repos\\86-no-more-frontend\\src\\reducers\\auth.js": {"path":"C:\\Users\\karlr\\Documents\\School\\repos\\86-no-more-frontend\\src\\reducers\\auth.js","statementMap":{"0":{"start":{"line":15,"column":25},"end":{"line":20,"column":1}},"1":{"start":{"line":23,"column":4},"end":{"line":82,"column":5}},"2":{"start":{"line":25,"column":12},"end":{"line":28,"column":13}},"3":{"start":{"line":32,"column":12},"end":{"line":35,"column":13}},"4":{"start":{"line":39,"column":12},"end":{"line":45,"column":13}},"5":{"start":{"line":49,"column":12},"end":{"line":53,"column":13}},"6":{"start":{"line":55,"column":12},"end":{"line":59,"column":13}},"7":{"start":{"line":61,"column":12},"end":{"line":65,"column":13}},"8":{"start":{"line":68,"column":12},"end":{"line":72,"column":13}},"9":{"start":{"line":75,"column":12},"end":{"line":78,"column":13}},"10":{"start":{"line":81,"column":12},"end":{"line":81,"column":24}}},"fnMap":{"0":{"name":"auth","decl":{"start":{"line":22,"column":24},"end":{"line":22,"column":28}},"loc":{"start":{"line":22,"column":63},"end":{"line":83,"column":1}},"line":22}},"branchMap":{"0":{"loc":{"start":{"line":22,"column":29},"end":{"line":22,"column":53}},"type":"default-arg","locations":[{"start":{"line":22,"column":37},"end":{"line":22,"column":53}}],"line":22},"1":{"loc":{"start":{"line":23,"column":4},"end":{"line":82,"column":5}},"type":"switch","locations":[{"start":{"line":24,"column":8},"end":{"line":28,"column":13}},{"start":{"line":30,"column":8},"end":{"line":30,"column":25}},{"start":{"line":31,"column":8},"end":{"line":35,"column":13}},{"start":{"line":37,"column":8},"end":{"line":37,"column":27}},{"start":{"line":38,"column":8},"end":{"line":45,"column":13}},{"start":{"line":47,"column":8},"end":{"line":47,"column":26}},{"start":{"line":48,"column":8},"end":{"line":53,"column":13}},{"start":{"line":54,"column":8},"end":{"line":59,"column":13}},{"start":{"line":60,"column":8},"end":{"line":65,"column":13}},{"start":{"line":67,"column":8},"end":{"line":72,"column":13}},{"start":{"line":74,"column":8},"end":{"line":78,"column":13}},{"start":{"line":80,"column":8},"end":{"line":81,"column":24}}],"line":23}},"s":{"0":0,"1":0,"2":0,"3":0,"4":0,"5":0,"6":0,"7":0,"8":0,"9":0,"10":0},"f":{"0":0},"b":{"0":[0],"1":[0,0,0,0,0,0,0,0,0,0,0,0]},"hash":"25054f03fb74c0500b688be95648586dc86cf53a"}
,"C:\\Users\\karlr\\Documents\\School\\repos\\86-no-more-frontend\\src\\reducers\\index.js": {"path":"C:\\Users\\karlr\\Documents\\School\\repos\\86-no-more-frontend\\src\\reducers\\index.js","statementMap":{},"fnMap":{},"branchMap":{},"s":{},"f":{},"b":{},"hash":"901e0ad8726ae0d11036773a3313a3b3d968eb21"}
,"C:\\Users\\karlr\\Documents\\School\\repos\\86-no-more-frontend\\src\\reducers\\inventoryhistory.js": {"path":"C:\\Users\\karlr\\Documents\\School\\repos\\86-no-more-frontend\\src\\reducers\\inventoryhistory.js","statementMap":{"0":{"start":{"line":9,"column":4},"end":{"line":18,"column":5}},"1":{"start":{"line":11,"column":12},"end":{"line":11,"column":42}},"2":{"start":{"line":14,"column":12},"end":{"line":14,"column":54}},"3":{"start":{"line":17,"column":12},"end":{"line":17,"column":24}}},"fnMap":{"0":{"name":"inventoryhistory","decl":{"start":{"line":6,"column":24},"end":{"line":6,"column":40}},"loc":{"start":{"line":6,"column":61},"end":{"line":19,"column":1}},"line":6}},"branchMap":{"0":{"loc":{"start":{"line":6,"column":41},"end":{"line":6,"column":51}},"type":"default-arg","locations":[{"start":{"line":6,"column":49},"end":{"line":6,"column":51}}],"line":6},"1":{"loc":{"start":{"line":9,"column":4},"end":{"line":18,"column":5}},"type":"switch","locations":[{"start":{"line":10,"column":8},"end":{"line":11,"column":42}},{"start":{"line":13,"column":8},"end":{"line":14,"column":54}},{"start":{"line":16,"column":8},"end":{"line":17,"column":24}}],"line":9}},"s":{"0":0,"1":0,"2":0,"3":0},"f":{"0":0},"b":{"0":[0],"1":[0,0,0]},"hash":"c428d8d5b53cc6c3fbbcfa0d58d2fdb152d6c44b"}
,"C:\\Users\\karlr\\Documents\\School\\repos\\86-no-more-frontend\\src\\reducers\\job.js": {"path":"C:\\Users\\karlr\\Documents\\School\\repos\\86-no-more-frontend\\src\\reducers\\job.js","statementMap":{"0":{"start":{"line":11,"column":4},"end":{"line":37,"column":5}},"1":{"start":{"line":13,"column":12},"end":{"line":13,"column":30}},"2":{"start":{"line":16,"column":12},"end":{"line":16,"column":37}},"3":{"start":{"line":19,"column":12},"end":{"line":19,"column":41}},"4":{"start":{"line":22,"column":31},"end":{"line":31,"column":14}},"5":{"start":{"line":23,"column":16},"end":{"line":28,"column":17}},"6":{"start":{"line":24,"column":20},"end":{"line":27,"column":21}},"7":{"start":{"line":30,"column":16},"end":{"line":30,"column":26}},"8":{"start":{"line":33,"column":12},"end":{"line":33,"column":29}},"9":{"start":{"line":36,"column":12},"end":{"line":36,"column":24}}},"fnMap":{"0":{"name":"jobs","decl":{"start":{"line":8,"column":24},"end":{"line":8,"column":28}},"loc":{"start":{"line":8,"column":49},"end":{"line":38,"column":1}},"line":8},"1":{"name":"(anonymous_1)","decl":{"start":{"line":22,"column":41},"end":{"line":22,"column":42}},"loc":{"start":{"line":22,"column":50},"end":{"line":31,"column":13}},"line":22}},"branchMap":{"0":{"loc":{"start":{"line":8,"column":29},"end":{"line":8,"column":39}},"type":"default-arg","locations":[{"start":{"line":8,"column":37},"end":{"line":8,"column":39}}],"line":8},"1":{"loc":{"start":{"line":11,"column":4},"end":{"line":37,"column":5}},"type":"switch","locations":[{"start":{"line":12,"column":8},"end":{"line":13,"column":30}},{"start":{"line":15,"column":8},"end":{"line":16,"column":37}},{"start":{"line":18,"column":8},"end":{"line":19,"column":41}},{"start":{"line":21,"column":8},"end":{"line":33,"column":29}},{"start":{"line":35,"column":8},"end":{"line":36,"column":24}}],"line":11},"2":{"loc":{"start":{"line":23,"column":16},"end":{"line":28,"column":17}},"type":"if","locations":[{"start":{"line":23,"column":16},"end":{"line":28,"column":17}},{"start":{"line":23,"column":16},"end":{"line":28,"column":17}}],"line":23}},"s":{"0":0,"1":0,"2":0,"3":0,"4":0,"5":0,"6":0,"7":0,"8":0,"9":0},"f":{"0":0,"1":0},"b":{"0":[0],"1":[0,0,0,0,0],"2":[0,0]},"hash":"5ecfdce2d68891896bd95bb210c26329acaa6152"}
,"C:\\Users\\karlr\\Documents\\School\\repos\\86-no-more-frontend\\src\\reducers\\menu.js": {"path":"C:\\Users\\karlr\\Documents\\School\\repos\\86-no-more-frontend\\src\\reducers\\menu.js","statementMap":{"0":{"start":{"line":11,"column":4},"end":{"line":23,"column":5}},"1":{"start":{"line":13,"column":12},"end":{"line":13,"column":30}},"2":{"start":{"line":16,"column":12},"end":{"line":16,"column":37}},"3":{"start":{"line":19,"column":12},"end":{"line":19,"column":42}},"4":{"start":{"line":22,"column":12},"end":{"line":22,"column":24}}},"fnMap":{"0":{"name":"menus","decl":{"start":{"line":8,"column":24},"end":{"line":8,"column":29}},"loc":{"start":{"line":8,"column":50},"end":{"line":24,"column":1}},"line":8}},"branchMap":{"0":{"loc":{"start":{"line":8,"column":30},"end":{"line":8,"column":40}},"type":"default-arg","locations":[{"start":{"line":8,"column":38},"end":{"line":8,"column":40}}],"line":8},"1":{"loc":{"start":{"line":11,"column":4},"end":{"line":23,"column":5}},"type":"switch","locations":[{"start":{"line":12,"column":8},"end":{"line":13,"column":30}},{"start":{"line":15,"column":8},"end":{"line":16,"column":37}},{"start":{"line":18,"column":8},"end":{"line":19,"column":42}},{"start":{"line":21,"column":8},"end":{"line":22,"column":24}}],"line":11}},"s":{"0":0,"1":0,"2":0,"3":0,"4":0},"f":{"0":0},"b":{"0":[0],"1":[0,0,0,0]},"hash":"62a9df3f04c1d87778044fe0860e694d9d88a4f8"}
,"C:\\Users\\karlr\\Documents\\School\\repos\\86-no-more-frontend\\src\\reducers\\search.js": {"path":"C:\\Users\\karlr\\Documents\\School\\repos\\86-no-more-frontend\\src\\reducers\\search.js","statementMap":{"0":{"start":{"line":6,"column":27},"end":{"line":8,"column":1}},"1":{"start":{"line":11,"column":4},"end":{"line":25,"column":5}},"2":{"start":{"line":13,"column":12},"end":{"line":16,"column":13}},"3":{"start":{"line":19,"column":12},"end":{"line":22,"column":13}},"4":{"start":{"line":24,"column":12},"end":{"line":24,"column":24}}},"fnMap":{"0":{"name":"search","decl":{"start":{"line":10,"column":24},"end":{"line":10,"column":30}},"loc":{"start":{"line":10,"column":67},"end":{"line":26,"column":1}},"line":10}},"branchMap":{"0":{"loc":{"start":{"line":10,"column":31},"end":{"line":10,"column":57}},"type":"default-arg","locations":[{"start":{"line":10,"column":39},"end":{"line":10,"column":57}}],"line":10},"1":{"loc":{"start":{"line":11,"column":4},"end":{"line":25,"column":5}},"type":"switch","locations":[{"start":{"line":12,"column":8},"end":{"line":16,"column":13}},{"start":{"line":18,"column":8},"end":{"line":22,"column":13}},{"start":{"line":23,"column":8},"end":{"line":24,"column":24}}],"line":11}},"s":{"0":0,"1":0,"2":0,"3":0,"4":0},"f":{"0":0},"b":{"0":[0],"1":[0,0,0]},"hash":"e2352f0760e051739b711e7751b0ffebd238238d"}
,"C:\\Users\\karlr\\Documents\\School\\repos\\86-no-more-frontend\\src\\store\\index.js": {"path":"C:\\Users\\karlr\\Documents\\School\\repos\\86-no-more-frontend\\src\\store\\index.js","statementMap":{"0":{"start":{"line":9,"column":4},"end":{"line":9,"column":64}},"1":{"start":{"line":11,"column":4},"end":{"line":11,"column":16}}},"fnMap":{"0":{"name":"configureStore","decl":{"start":{"line":8,"column":16},"end":{"line":8,"column":30}},"loc":{"start":{"line":8,"column":33},"end":{"line":12,"column":1}},"line":8}},"branchMap":{},"s":{"0":0,"1":0},"f":{"0":0},"b":{},"hash":"1a5a6ed369891df5aba70e57cc5001b7f1247536"}
}
