TN:
SF:C:\Users\karlr\Documents\School\repos\86-no-more-frontend\src\index.js
FNF:0
FNH:0
DA:8,0
DA:10,0
LF:2
LH:0
BRF:0
BRH:0
end_of_record
TN:
SF:C:\Users\karlr\Documents\School\repos\86-no-more-frontend\src\actions\actionTypes.js
FNF:0
FNH:0
DA:3,0
DA:4,0
DA:5,0
DA:7,0
DA:8,0
DA:9,0
DA:13,0
DA:14,0
DA:16,0
DA:18,0
DA:19,0
DA:20,0
DA:22,0
DA:23,0
DA:24,0
DA:25,0
DA:26,0
DA:27,0
DA:28,0
DA:29,0
DA:30,0
DA:31,0
DA:32,0
DA:34,0
DA:35,0
DA:37,0
DA:39,0
DA:40,0
DA:42,0
DA:44,0
DA:45,0
DA:47,0
DA:49,0
DA:51,0
LF:34
LH:0
BRF:0
BRH:0
end_of_record
TN:
SF:C:\Users\karlr\Documents\School\repos\86-no-more-frontend\src\actions\auth.js
FN:20,startLogin
FN:26,loginFailed
FN:33,loginSuccess
FN:40,login
FN:41,(anonymous_4)
FN:52,(anonymous_5)
FN:53,(anonymous_6)
FN:68,signup
FN:69,(anonymous_8)
FN:84,(anonymous_9)
FN:85,(anonymous_10)
FN:98,startSingup
FN:104,signupFailed
FN:111,signupSuccessful
FN:117,authenticateUser
FN:124,logoutUser
FN:130,clearAuthState
FN:136,editUserSucessfull
FN:143,editUserFailed
FN:150,editUser
FN:151,(anonymous_20)
FN:167,(anonymous_21)
FN:168,(anonymous_22)
FN:184,editItem
FN:185,(anonymous_24)
FN:200,(anonymous_25)
FN:201,(anonymous_26)
FN:217,editItemSucessfull
FNF:28
FNH:0
FNDA:0,startLogin
FNDA:0,loginFailed
FNDA:0,loginSuccess
FNDA:0,login
FNDA:0,(anonymous_4)
FNDA:0,(anonymous_5)
FNDA:0,(anonymous_6)
FNDA:0,signup
FNDA:0,(anonymous_8)
FNDA:0,(anonymous_9)
FNDA:0,(anonymous_10)
FNDA:0,startSingup
FNDA:0,signupFailed
FNDA:0,signupSuccessful
FNDA:0,authenticateUser
FNDA:0,logoutUser
FNDA:0,clearAuthState
FNDA:0,editUserSucessfull
FNDA:0,editUserFailed
FNDA:0,editUser
FNDA:0,(anonymous_20)
FNDA:0,(anonymous_21)
FNDA:0,(anonymous_22)
FNDA:0,editItem
FNDA:0,(anonymous_24)
FNDA:0,(anonymous_25)
FNDA:0,(anonymous_26)
FNDA:0,editItemSucessfull
DA:21,0
DA:27,0
DA:34,0
DA:41,0
DA:42,0
DA:43,0
DA:45,0
DA:52,0
DA:54,0
DA:56,0
DA:58,0
DA:59,0
DA:61,0
DA:63,0
DA:69,0
DA:70,0
DA:71,0
DA:84,0
DA:87,0
DA:89,0
DA:90,0
DA:91,0
DA:93,0
DA:99,0
DA:105,0
DA:112,0
DA:118,0
DA:125,0
DA:131,0
DA:137,0
DA:144,0
DA:151,0
DA:152,0
DA:154,0
DA:167,0
DA:169,0
DA:170,0
DA:171,0
DA:173,0
DA:174,0
DA:176,0
DA:179,0
DA:185,0
DA:186,0
DA:188,0
DA:200,0
DA:202,0
DA:203,0
DA:204,0
DA:206,0
DA:207,0
DA:209,0
DA:218,0
LF:53
LH:0
BRDA:56,0,0,0
BRDA:56,0,1,0
BRDA:87,1,0,0
BRDA:87,1,1,0
BRDA:170,2,0,0
BRDA:170,2,1,0
BRDA:173,3,0,0
BRDA:173,3,1,0
BRDA:203,4,0,0
BRDA:203,4,1,0
BRDA:206,5,0,0
BRDA:206,5,1,0
BRF:12
BRH:0
end_of_record
TN:
SF:C:\Users\karlr\Documents\School\repos\86-no-more-frontend\src\actions\job.js
FN:15,createJob
FN:25,(anonymous_1)
FN:43,(anonymous_2)
FN:44,(anonymous_3)
FN:57,deleteInventoryItem
FN:59,(anonymous_5)
FN:70,(anonymous_6)
FN:71,(anonymous_7)
FN:84,createMenu
FN:85,(anonymous_9)
FN:101,(anonymous_10)
FN:102,(anonymous_11)
FN:115,deleteMenu
FN:117,(anonymous_13)
FN:128,(anonymous_14)
FN:129,(anonymous_15)
FN:142,createInventoryHistory
FN:143,(anonymous_17)
FN:156,(anonymous_18)
FN:157,(anonymous_19)
FN:172,jobSuccess
FN:179,menuSuccess
FN:186,inventoryHistorySuccess
FN:193,fetchJobs
FN:194,(anonymous_24)
FN:198,(anonymous_25)
FN:202,(anonymous_26)
FN:209,fetchReductionEstimate
FN:210,(anonymous_28)
FN:214,(anonymous_29)
FN:218,(anonymous_30)
FN:225,fetchMenus
FN:226,(anonymous_32)
FN:230,(anonymous_33)
FN:234,(anonymous_34)
FN:241,fetchInventoryHistory
FN:242,(anonymous_36)
FN:246,(anonymous_37)
FN:250,(anonymous_38)
FN:256,updateJobs
FN:263,updateReductionEstimate
FN:270,updateMenu
FN:277,deleteMenuSuccess
FN:284,deleteInventoryItemSuccess
FN:291,updateInventoryHistory
FNF:45
FNH:0
FNDA:0,createJob
FNDA:0,(anonymous_1)
FNDA:0,(anonymous_2)
FNDA:0,(anonymous_3)
FNDA:0,deleteInventoryItem
FNDA:0,(anonymous_5)
FNDA:0,(anonymous_6)
FNDA:0,(anonymous_7)
FNDA:0,createMenu
FNDA:0,(anonymous_9)
FNDA:0,(anonymous_10)
FNDA:0,(anonymous_11)
FNDA:0,deleteMenu
FNDA:0,(anonymous_13)
FNDA:0,(anonymous_14)
FNDA:0,(anonymous_15)
FNDA:0,createInventoryHistory
FNDA:0,(anonymous_17)
FNDA:0,(anonymous_18)
FNDA:0,(anonymous_19)
FNDA:0,jobSuccess
FNDA:0,menuSuccess
FNDA:0,inventoryHistorySuccess
FNDA:0,fetchJobs
FNDA:0,(anonymous_24)
FNDA:0,(anonymous_25)
FNDA:0,(anonymous_26)
FNDA:0,fetchReductionEstimate
FNDA:0,(anonymous_28)
FNDA:0,(anonymous_29)
FNDA:0,(anonymous_30)
FNDA:0,fetchMenus
FNDA:0,(anonymous_32)
FNDA:0,(anonymous_33)
FNDA:0,(anonymous_34)
FNDA:0,fetchInventoryHistory
FNDA:0,(anonymous_36)
FNDA:0,(anonymous_37)
FNDA:0,(anonymous_38)
FNDA:0,updateJobs
FNDA:0,updateReductionEstimate
FNDA:0,updateMenu
FNDA:0,deleteMenuSuccess
FNDA:0,deleteInventoryItemSuccess
FNDA:0,updateInventoryHistory
DA:25,0
DA:26,0
DA:27,0
DA:43,0
DA:46,0
DA:48,0
DA:49,0
DA:50,0
DA:58,0
DA:59,0
DA:60,0
DA:61,0
DA:70,0
DA:72,0
DA:73,0
DA:75,0
DA:76,0
DA:77,0
DA:85,0
DA:86,0
DA:87,0
DA:101,0
DA:104,0
DA:106,0
DA:107,0
DA:108,0
DA:116,0
DA:117,0
DA:118,0
DA:119,0
DA:128,0
DA:130,0
DA:131,0
DA:133,0
DA:134,0
DA:135,0
DA:143,0
DA:144,0
DA:145,0
DA:156,0
DA:158,0
DA:159,0
DA:161,0
DA:162,0
DA:165,0
DA:173,0
DA:180,0
DA:187,0
DA:194,0
DA:195,0
DA:197,0
DA:199,0
DA:200,0
DA:203,0
DA:204,0
DA:210,0
DA:211,0
DA:213,0
DA:215,0
DA:216,0
DA:219,0
DA:220,0
DA:226,0
DA:227,0
DA:229,0
DA:231,0
DA:232,0
DA:235,0
DA:236,0
DA:242,0
DA:243,0
DA:245,0
DA:247,0
DA:248,0
DA:251,0
DA:257,0
DA:264,0
DA:271,0
DA:278,0
DA:285,0
DA:292,0
LF:81
LH:0
BRDA:46,0,0,0
BRDA:46,0,1,0
BRDA:73,1,0,0
BRDA:73,1,1,0
BRDA:104,2,0,0
BRDA:104,2,1,0
BRDA:131,3,0,0
BRDA:131,3,1,0
BRDA:159,4,0,0
BRDA:159,4,1,0
BRF:10
BRH:0
end_of_record
TN:
SF:C:\Users\karlr\Documents\School\repos\86-no-more-frontend\src\actions\search.js
FN:6,searchUsers
FN:7,(anonymous_1)
FN:21,(anonymous_2)
FN:22,(anonymous_3)
FN:33,searchResultsSuccess
FN:40,searchResultsSuccess2
FN:47,clearsearchstate
FNF:7
FNH:0
FNDA:0,searchUsers
FNDA:0,(anonymous_1)
FNDA:0,(anonymous_2)
FNDA:0,(anonymous_3)
FNDA:0,searchResultsSuccess
FNDA:0,searchResultsSuccess2
FNDA:0,clearsearchstate
DA:7,0
DA:8,0
DA:9,0
DA:10,0
DA:12,0
DA:13,0
DA:15,0
DA:21,0
DA:23,0
DA:25,0
DA:26,0
DA:34,0
DA:41,0
DA:48,0
LF:14
LH:0
BRDA:12,0,0,0
BRDA:12,0,1,0
BRDA:25,1,0,0
BRDA:25,1,1,0
BRF:4
BRH:0
end_of_record
TN:
SF:C:\Users\karlr\Documents\School\repos\86-no-more-frontend\src\components\App.js
FN:37,(anonymous_0)
FN:43,(anonymous_1)
FN:62,(anonymous_2)
FN:87,(anonymous_3)
FN:102,(anonymous_4)
FN:167,mapStateToProps
FNF:6
FNH:0
FNDA:0,(anonymous_0)
FNDA:0,(anonymous_1)
FNDA:0,(anonymous_2)
FNDA:0,(anonymous_3)
FNDA:0,(anonymous_4)
FNDA:0,mapStateToProps
DA:37,0
DA:38,0
DA:40,0
DA:44,0
DA:65,0
DA:67,0
DA:69,0
DA:71,0
DA:72,0
DA:74,0
DA:76,0
DA:88,0
DA:89,0
DA:90,0
DA:91,0
DA:92,0
DA:103,0
DA:168,0
LF:18
LH:0
BRDA:44,0,0,0
BRDA:44,0,1,0
BRDA:71,1,0,0
BRDA:71,1,1,0
BRF:4
BRH:0
end_of_record
TN:
SF:C:\Users\karlr\Documents\School\repos\86-no-more-frontend\src\components\Application.js
FNF:0
FNH:0
LF:0
LH:0
BRF:0
BRH:0
end_of_record
TN:
SF:C:\Users\karlr\Documents\School\repos\86-no-more-frontend\src\components\Awareness.js
FN:8,(anonymous_0)
FNF:1
FNH:0
FNDA:0,(anonymous_0)
DA:9,0
LF:1
LH:0
BRF:0
BRH:0
end_of_record
TN:
SF:C:\Users\karlr\Documents\School\repos\86-no-more-frontend\src\components\Cart.js
FN:7,(anonymous_0)
FN:23,(anonymous_1)
FN:29,(anonymous_2)
FN:35,(anonymous_3)
FN:38,(anonymous_4)
FN:43,(anonymous_5)
FN:50,(anonymous_6)
FN:66,(anonymous_7)
FN:85,(anonymous_8)
FN:106,mapStateToProps
FNF:10
FNH:0
FNDA:0,(anonymous_0)
FNDA:0,(anonymous_1)
FNDA:0,(anonymous_2)
FNDA:0,(anonymous_3)
FNDA:0,(anonymous_4)
FNDA:0,(anonymous_5)
FNDA:0,(anonymous_6)
FNDA:0,(anonymous_7)
FNDA:0,(anonymous_8)
FNDA:0,mapStateToProps
DA:8,0
DA:10,0
DA:23,0
DA:24,0
DA:29,0
DA:30,0
DA:36,0
DA:38,0
DA:39,0
DA:40,0
DA:44,0
DA:45,0
DA:46,0
DA:51,0
DA:67,0
DA:86,0
DA:107,0
LF:17
LH:0
BRDA:73,0,0,0
BRDA:73,0,1,0
BRF:2
BRH:0
end_of_record
TN:
SF:C:\Users\karlr\Documents\School\repos\86-no-more-frontend\src\components\Goal.js
FN:16,(anonymous_0)
FN:33,(anonymous_1)
FN:49,(anonymous_2)
FN:53,(anonymous_3)
FN:58,(anonymous_4)
FN:64,(anonymous_5)
FN:110,(anonymous_6)
FN:126,(anonymous_7)
FN:141,(anonymous_8)
FN:165,(anonymous_9)
FN:180,(anonymous_10)
FN:199,(anonymous_11)
FN:216,(anonymous_12)
FN:230,(anonymous_13)
FN:245,(anonymous_14)
FN:281,(anonymous_15)
FN:296,(anonymous_16)
FN:316,(anonymous_17)
FN:369,mapStateToProps
FNF:19
FNH:0
FNDA:0,(anonymous_0)
FNDA:0,(anonymous_1)
FNDA:0,(anonymous_2)
FNDA:0,(anonymous_3)
FNDA:0,(anonymous_4)
FNDA:0,(anonymous_5)
FNDA:0,(anonymous_6)
FNDA:0,(anonymous_7)
FNDA:0,(anonymous_8)
FNDA:0,(anonymous_9)
FNDA:0,(anonymous_10)
FNDA:0,(anonymous_11)
FNDA:0,(anonymous_12)
FNDA:0,(anonymous_13)
FNDA:0,(anonymous_14)
FNDA:0,(anonymous_15)
FNDA:0,(anonymous_16)
FNDA:0,(anonymous_17)
FNDA:0,mapStateToProps
DA:17,0
DA:19,0
DA:33,0
DA:34,0
DA:36,0
DA:38,0
DA:39,0
DA:40,0
DA:44,0
DA:45,0
DA:46,0
DA:49,0
DA:50,0
DA:53,0
DA:54,0
DA:55,0
DA:58,0
DA:59,0
DA:64,0
DA:74,0
DA:76,0
DA:78,0
DA:83,0
DA:95,0
DA:96,0
DA:100,0
DA:101,0
DA:102,0
DA:103,0
DA:104,0
DA:105,0
DA:111,0
DA:120,0
DA:121,0
DA:122,0
DA:123,0
DA:124,0
DA:126,0
DA:137,0
DA:142,0
DA:143,0
DA:144,0
DA:146,0
DA:166,0
DA:181,0
DA:200,0
DA:217,0
DA:231,0
DA:246,0
DA:282,0
DA:297,0
DA:317,0
DA:370,0
LF:53
LH:0
BRDA:157,0,0,0
BRDA:157,0,1,0
BRDA:273,1,0,0
BRDA:273,1,1,0
BRDA:347,2,0,0
BRDA:347,2,1,0
BRDA:349,3,0,0
BRDA:349,3,1,0
BRDA:351,4,0,0
BRDA:351,4,1,0
BRDA:353,5,0,0
BRDA:353,5,1,0
BRF:12
BRH:0
end_of_record
TN:
SF:C:\Users\karlr\Documents\School\repos\86-no-more-frontend\src\components\History.js
FN:8,(anonymous_0)
FN:17,(anonymous_1)
FN:22,(anonymous_2)
FN:30,(anonymous_3)
FN:33,(anonymous_4)
FN:36,(anonymous_5)
FN:84,mapStateToProps
FNF:7
FNH:0
FNDA:0,(anonymous_0)
FNDA:0,(anonymous_1)
FNDA:0,(anonymous_2)
FNDA:0,(anonymous_3)
FNDA:0,(anonymous_4)
FNDA:0,(anonymous_5)
FNDA:0,mapStateToProps
DA:9,0
DA:11,0
DA:18,0
DA:19,0
DA:23,0
DA:24,0
DA:25,0
DA:26,0
DA:27,0
DA:28,0
DA:29,0
DA:30,0
DA:32,0
DA:33,0
DA:35,0
DA:37,0
DA:39,0
DA:85,0
LF:18
LH:0
BRDA:30,0,0,0
BRDA:30,0,1,0
BRDA:33,1,0,0
BRDA:33,1,1,0
BRDA:37,2,0,0
BRDA:37,2,1,0
BRF:6
BRH:0
end_of_record
TN:
SF:C:\Users\karlr\Documents\School\repos\86-no-more-frontend\src\components\Home.js
FN:6,(anonymous_0)
FN:56,mapStateToProps
FNF:2
FNH:0
FNDA:0,(anonymous_0)
FNDA:0,mapStateToProps
DA:7,0
DA:8,0
DA:9,0
DA:10,0
DA:57,0
LF:5
LH:0
BRF:0
BRH:0
end_of_record
TN:
SF:C:\Users\karlr\Documents\School\repos\86-no-more-frontend\src\components\Job.js
FN:14,(anonymous_0)
FN:18,(anonymous_1)
FN:23,(anonymous_2)
FN:37,(anonymous_3)
FN:44,(anonymous_4)
FN:49,(anonymous_5)
FN:73,(anonymous_6)
FN:84,(anonymous_7)
FN:171,mapStateToProps
FNF:9
FNH:0
FNDA:0,(anonymous_0)
FNDA:0,(anonymous_1)
FNDA:0,(anonymous_2)
FNDA:0,(anonymous_3)
FNDA:0,(anonymous_4)
FNDA:0,(anonymous_5)
FNDA:0,(anonymous_6)
FNDA:0,(anonymous_7)
FNDA:0,mapStateToProps
DA:14,0
DA:16,0
DA:17,0
DA:18,0
DA:20,0
DA:22,0
DA:23,0
DA:27,0
DA:28,0
DA:29,0
DA:37,0
DA:38,0
DA:39,0
DA:42,0
DA:45,0
DA:50,0
DA:51,0
DA:52,0
DA:73,0
DA:84,0
DA:172,0
LF:21
LH:0
BRDA:58,0,0,0
BRDA:58,0,1,0
BRF:2
BRH:0
end_of_record
TN:
SF:C:\Users\karlr\Documents\School\repos\86-no-more-frontend\src\components\Job1.js
FN:8,(anonymous_0)
FN:15,(anonymous_1)
FN:20,(anonymous_2)
FN:26,(anonymous_3)
FN:50,(anonymous_4)
FN:82,(anonymous_5)
FN:129,(anonymous_6)
FN:148,mapStateToProps
FNF:8
FNH:0
FNDA:0,(anonymous_0)
FNDA:0,(anonymous_1)
FNDA:0,(anonymous_2)
FNDA:0,(anonymous_3)
FNDA:0,(anonymous_4)
FNDA:0,(anonymous_5)
FNDA:0,(anonymous_6)
FNDA:0,mapStateToProps
DA:9,0
DA:10,0
DA:15,0
DA:16,0
DA:20,0
DA:21,0
DA:22,0
DA:23,0
DA:27,0
DA:28,0
DA:29,0
DA:30,0
DA:31,0
DA:32,0
DA:50,0
DA:83,0
DA:130,0
DA:149,0
LF:18
LH:0
BRDA:38,0,0,0
BRDA:38,0,1,0
BRDA:129,1,0,0
BRDA:129,1,1,0
BRF:4
BRH:0
end_of_record
TN:
SF:C:\Users\karlr\Documents\School\repos\86-no-more-frontend\src\components\Login.js
FN:9,(anonymous_0)
FN:20,(anonymous_1)
FN:24,(anonymous_2)
FN:30,(anonymous_3)
FN:36,(anonymous_4)
FN:48,(anonymous_5)
FN:56,(anonymous_6)
FN:123,mapStateToProps
FNF:8
FNH:0
FNDA:0,(anonymous_0)
FNDA:0,(anonymous_1)
FNDA:0,(anonymous_2)
FNDA:0,(anonymous_3)
FNDA:0,(anonymous_4)
FNDA:0,(anonymous_5)
FNDA:0,(anonymous_6)
FNDA:0,mapStateToProps
DA:10,0
DA:14,0
DA:21,0
DA:24,0
DA:25,0
DA:30,0
DA:31,0
DA:36,0
DA:37,0
DA:40,0
DA:41,0
DA:43,0
DA:44,0
DA:48,0
DA:49,0
DA:50,0
DA:51,0
DA:57,0
DA:58,0
DA:62,0
DA:63,0
DA:66,0
DA:124,0
LF:23
LH:0
BRDA:43,0,0,0
BRDA:43,0,1,0
BRDA:43,1,0,0
BRDA:43,1,1,0
BRDA:58,2,0,0
BRDA:58,2,1,0
BRDA:62,3,0,0
BRDA:62,3,1,0
BRDA:70,4,0,0
BRDA:70,4,1,0
BRDA:92,5,0,0
BRDA:92,5,1,0
BRF:12
BRH:0
end_of_record
TN:
SF:C:\Users\karlr\Documents\School\repos\86-no-more-frontend\src\components\Menu.js
FN:14,(anonymous_0)
FN:28,(anonymous_1)
FN:34,(anonymous_2)
FN:52,(anonymous_3)
FN:57,(anonymous_4)
FN:63,(anonymous_5)
FN:65,(anonymous_6)
FN:70,(anonymous_7)
FN:85,(anonymous_8)
FN:89,(anonymous_9)
FN:112,(anonymous_10)
FN:127,(anonymous_11)
FN:142,(anonymous_12)
FN:185,mapStateToProps
FNF:14
FNH:0
FNDA:0,(anonymous_0)
FNDA:0,(anonymous_1)
FNDA:0,(anonymous_2)
FNDA:0,(anonymous_3)
FNDA:0,(anonymous_4)
FNDA:0,(anonymous_5)
FNDA:0,(anonymous_6)
FNDA:0,(anonymous_7)
FNDA:0,(anonymous_8)
FNDA:0,(anonymous_9)
FNDA:0,(anonymous_10)
FNDA:0,(anonymous_11)
FNDA:0,(anonymous_12)
FNDA:0,mapStateToProps
DA:15,0
DA:17,0
DA:28,0
DA:29,0
DA:30,0
DA:32,0
DA:34,0
DA:43,0
DA:45,0
DA:46,0
DA:47,0
DA:49,0
DA:52,0
DA:53,0
DA:54,0
DA:57,0
DA:58,0
DA:63,0
DA:64,0
DA:65,0
DA:67,0
DA:70,0
DA:71,0
DA:73,0
DA:75,0
DA:80,0
DA:83,0
DA:86,0
DA:90,0
DA:92,0
DA:94,0
DA:113,0
DA:128,0
DA:143,0
DA:186,0
LF:35
LH:0
BRDA:105,0,0,0
BRDA:105,0,1,0
BRF:2
BRH:0
end_of_record
TN:
SF:C:\Users\karlr\Documents\School\repos\86-no-more-frontend\src\components\Navbar.js
FN:17,(anonymous_0)
FN:22,(anonymous_1)
FN:28,(anonymous_2)
FN:186,mapStateToProps
FNF:4
FNH:0
FNDA:0,(anonymous_0)
FNDA:0,(anonymous_1)
FNDA:0,(anonymous_2)
FNDA:0,mapStateToProps
DA:17,0
DA:18,0
DA:19,0
DA:22,0
DA:23,0
DA:25,0
DA:29,0
DA:30,0
DA:32,0
DA:187,0
LF:10
LH:0
BRDA:46,0,0,0
BRDA:46,0,1,0
BRDA:108,1,0,0
BRDA:108,1,1,0
BRDA:136,2,0,0
BRDA:136,2,1,0
BRDA:151,3,0,0
BRDA:151,3,1,0
BRDA:163,4,0,0
BRDA:163,4,1,0
BRF:10
BRH:0
end_of_record
TN:
SF:C:\Users\karlr\Documents\School\repos\86-no-more-frontend\src\components\Notification.js
FN:40,(anonymous_0)
FN:55,(anonymous_1)
FN:62,(anonymous_2)
FN:67,(anonymous_3)
FN:73,(anonymous_4)
FN:94,(anonymous_5)
FN:99,(anonymous_6)
FN:102,(anonymous_7)
FN:107,(anonymous_8)
FN:111,(anonymous_9)
FN:131,(anonymous_10)
FN:176,(anonymous_11)
FN:244,mapStateToProps
FNF:13
FNH:0
FNDA:0,(anonymous_0)
FNDA:0,(anonymous_1)
FNDA:0,(anonymous_2)
FNDA:0,(anonymous_3)
FNDA:0,(anonymous_4)
FNDA:0,(anonymous_5)
FNDA:0,(anonymous_6)
FNDA:0,(anonymous_7)
FNDA:0,(anonymous_8)
FNDA:0,(anonymous_9)
FNDA:0,(anonymous_10)
FNDA:0,(anonymous_11)
FNDA:0,mapStateToProps
DA:19,0
DA:41,0
DA:43,0
DA:55,0
DA:56,0
DA:57,0
DA:59,0
DA:62,0
DA:63,0
DA:64,0
DA:67,0
DA:68,0
DA:73,0
DA:82,0
DA:84,0
DA:85,0
DA:86,0
DA:88,0
DA:90,0
DA:95,0
DA:98,0
DA:100,0
DA:103,0
DA:108,0
DA:112,0
DA:113,0
DA:114,0
DA:116,0
DA:117,0
DA:119,0
DA:132,0
DA:133,0
DA:134,0
DA:135,0
DA:140,0
DA:141,0
DA:177,0
DA:178,0
DA:179,0
DA:245,0
LF:40
LH:0
BRDA:129,0,0,0
BRDA:129,0,1,0
BRDA:135,1,0,0
BRDA:135,1,1,0
BRDA:136,2,0,0
BRDA:136,2,1,0
BRDA:136,2,2,0
BRDA:165,3,0,0
BRDA:165,3,1,0
BRDA:177,4,0,0
BRDA:177,4,1,0
BRDA:178,5,0,0
BRDA:178,5,1,0
BRDA:193,6,0,0
BRDA:193,6,1,0
BRF:15
BRH:0
end_of_record
TN:
SF:C:\Users\karlr\Documents\School\repos\86-no-more-frontend\src\components\Page404.js
FN:3,Page404
FNF:1
FNH:0
FNDA:0,Page404
DA:4,0
LF:1
LH:0
BRF:0
BRH:0
end_of_record
TN:
SF:C:\Users\karlr\Documents\School\repos\86-no-more-frontend\src\components\ProductTypeSelector.js
FN:3,(anonymous_0)
FN:6,(anonymous_1)
FN:8,(anonymous_2)
FN:16,(anonymous_3)
FN:22,(anonymous_4)
FNF:5
FNH:0
FNDA:0,(anonymous_0)
FNDA:0,(anonymous_1)
FNDA:0,(anonymous_2)
FNDA:0,(anonymous_3)
FNDA:0,(anonymous_4)
DA:3,0
DA:4,0
DA:6,0
DA:7,0
DA:8,0
DA:11,0
DA:14,0
DA:17,0
DA:22,0
LF:9
LH:0
BRDA:7,0,0,0
BRDA:7,0,1,0
BRF:2
BRH:0
end_of_record
TN:
SF:C:\Users\karlr\Documents\School\repos\86-no-more-frontend\src\components\Ratings.js
FN:5,(anonymous_0)
FN:20,(anonymous_1)
FN:25,(anonymous_2)
FN:30,(anonymous_3)
FN:49,(anonymous_4)
FN:91,mapStateToProps
FNF:6
FNH:0
FNDA:0,(anonymous_0)
FNDA:0,(anonymous_1)
FNDA:0,(anonymous_2)
FNDA:0,(anonymous_3)
FNDA:0,(anonymous_4)
FNDA:0,mapStateToProps
DA:6,0
DA:7,0
DA:20,0
DA:21,0
DA:26,0
DA:27,0
DA:31,0
DA:49,0
DA:92,0
LF:9
LH:0
BRDA:37,0,0,0
BRDA:37,0,1,0
BRF:2
BRH:0
end_of_record
TN:
SF:C:\Users\karlr\Documents\School\repos\86-no-more-frontend\src\components\Reduction.js
FN:6,(anonymous_0)
FN:56,mapStateToProps
FNF:2
FNH:0
FNDA:0,(anonymous_0)
FNDA:0,mapStateToProps
DA:7,0
DA:8,0
DA:9,0
DA:10,0
DA:57,0
LF:5
LH:0
BRF:0
BRH:0
end_of_record
TN:
SF:C:\Users\karlr\Documents\School\repos\86-no-more-frontend\src\components\Settings.js
FN:6,(anonymous_0)
FN:18,(anonymous_1)
FN:24,(anonymous_2)
FN:32,(anonymous_3)
FN:35,(anonymous_4)
FN:67,(anonymous_5)
FN:82,(anonymous_6)
FN:95,(anonymous_7)
FN:117,(anonymous_8)
FN:127,(anonymous_9)
FN:137,mapStateToProps
FNF:11
FNH:0
FNDA:0,(anonymous_0)
FNDA:0,(anonymous_1)
FNDA:0,(anonymous_2)
FNDA:0,(anonymous_3)
FNDA:0,(anonymous_4)
FNDA:0,(anonymous_5)
FNDA:0,(anonymous_6)
FNDA:0,(anonymous_7)
FNDA:0,(anonymous_8)
FNDA:0,(anonymous_9)
FNDA:0,mapStateToProps
DA:7,0
DA:9,0
DA:18,0
DA:19,0
DA:24,0
DA:25,0
DA:27,0
DA:29,0
DA:33,0
DA:36,0
DA:37,0
DA:39,0
DA:68,0
DA:83,0
DA:96,0
DA:117,0
DA:127,0
DA:138,0
LF:18
LH:0
BRDA:45,0,0,0
BRDA:45,0,1,0
BRDA:46,1,0,0
BRDA:46,1,1,0
BRDA:64,2,0,0
BRDA:64,2,1,0
BRDA:77,3,0,0
BRDA:77,3,1,0
BRDA:90,4,0,0
BRDA:90,4,1,0
BRDA:107,5,0,0
BRDA:107,5,1,0
BRDA:124,6,0,0
BRDA:124,6,1,0
BRF:14
BRH:0
end_of_record
TN:
SF:C:\Users\karlr\Documents\School\repos\86-no-more-frontend\src\components\Signup.js
FN:8,(anonymous_0)
FN:19,(anonymous_1)
FN:23,(anonymous_2)
FN:29,(anonymous_3)
FN:41,(anonymous_4)
FN:55,(anonymous_5)
FN:71,(anonymous_6)
FN:81,(anonymous_7)
FN:91,(anonymous_8)
FN:104,(anonymous_9)
FN:117,(anonymous_10)
FN:149,(anonymous_11)
FNF:12
FNH:0
FNDA:0,(anonymous_0)
FNDA:0,(anonymous_1)
FNDA:0,(anonymous_2)
FNDA:0,(anonymous_3)
FNDA:0,(anonymous_4)
FNDA:0,(anonymous_5)
FNDA:0,(anonymous_6)
FNDA:0,(anonymous_7)
FNDA:0,(anonymous_8)
FNDA:0,(anonymous_9)
FNDA:0,(anonymous_10)
FNDA:0,(anonymous_11)
DA:9,0
DA:10,0
DA:20,0
DA:23,0
DA:24,0
DA:29,0
DA:30,0
DA:31,0
DA:33,0
DA:34,0
DA:35,0
DA:41,0
DA:42,0
DA:43,0
DA:45,0
DA:56,0
DA:58,0
DA:59,0
DA:61,0
DA:72,0
DA:82,0
DA:92,0
DA:105,0
DA:118,0
DA:149,0
LF:25
LH:0
BRDA:33,0,0,0
BRDA:33,0,1,0
BRDA:33,1,0,0
BRDA:33,1,1,0
BRDA:33,1,2,0
BRDA:33,1,3,0
BRDA:33,1,4,0
BRDA:58,2,0,0
BRDA:58,2,1,0
BRDA:65,3,0,0
BRDA:65,3,1,0
BRF:11
BRH:0
end_of_record
TN:
SF:C:\Users\karlr\Documents\School\repos\86-no-more-frontend\src\components\Update.js
FN:14,(anonymous_0)
FN:29,(anonymous_1)
FN:36,(anonymous_2)
FN:41,(anonymous_3)
FN:47,(anonymous_4)
FN:74,(anonymous_5)
FN:78,(anonymous_6)
FN:86,(anonymous_7)
FN:95,mapStateToProps
FNF:9
FNH:0
FNDA:0,(anonymous_0)
FNDA:0,(anonymous_1)
FNDA:0,(anonymous_2)
FNDA:0,(anonymous_3)
FNDA:0,(anonymous_4)
FNDA:0,(anonymous_5)
FNDA:0,(anonymous_6)
FNDA:0,(anonymous_7)
FNDA:0,mapStateToProps
DA:15,0
DA:17,0
DA:29,0
DA:30,0
DA:31,0
DA:33,0
DA:36,0
DA:37,0
DA:38,0
DA:41,0
DA:42,0
DA:47,0
DA:56,0
DA:58,0
DA:59,0
DA:60,0
DA:67,0
DA:69,0
DA:75,0
DA:79,0
DA:80,0
DA:81,0
DA:83,0
DA:87,0
DA:96,0
LF:25
LH:0
BRF:0
BRH:0
end_of_record
TN:
SF:C:\Users\karlr\Documents\School\repos\86-no-more-frontend\src\components\UserApplication.js
FNF:0
FNH:0
LF:0
LH:0
BRF:0
BRH:0
end_of_record
TN:
SF:C:\Users\karlr\Documents\School\repos\86-no-more-frontend\src\components\Widgets.js
FNF:0
FNH:0
LF:0
LH:0
BRF:0
BRH:0
end_of_record
TN:
SF:C:\Users\karlr\Documents\School\repos\86-no-more-frontend\src\components\index.js
FNF:0
FNH:0
LF:0
LH:0
BRF:0
BRH:0
end_of_record
TN:
SF:C:\Users\karlr\Documents\School\repos\86-no-more-frontend\src\helpers\urls.js
FN:4,(anonymous_0)
FN:5,(anonymous_1)
FN:6,(anonymous_2)
FN:7,(anonymous_3)
FN:8,(anonymous_4)
FN:10,(anonymous_5)
FN:11,(anonymous_6)
FN:13,(anonymous_7)
FN:15,(anonymous_8)
FN:17,(anonymous_9)
FN:18,(anonymous_10)
FN:19,(anonymous_11)
FN:21,(anonymous_12)
FNF:13
FNH:0
FNDA:0,(anonymous_0)
FNDA:0,(anonymous_1)
FNDA:0,(anonymous_2)
FNDA:0,(anonymous_3)
FNDA:0,(anonymous_4)
FNDA:0,(anonymous_5)
FNDA:0,(anonymous_6)
FNDA:0,(anonymous_7)
FNDA:0,(anonymous_8)
FNDA:0,(anonymous_9)
FNDA:0,(anonymous_10)
FNDA:0,(anonymous_11)
FNDA:0,(anonymous_12)
DA:1,0
DA:3,0
DA:4,0
DA:5,0
DA:6,0
DA:7,0
DA:8,0
DA:10,0
DA:11,0
DA:13,0
DA:15,0
DA:17,0
DA:18,0
DA:19,0
DA:21,0
LF:15
LH:0
BRF:0
BRH:0
end_of_record
TN:
SF:C:\Users\karlr\Documents\School\repos\86-no-more-frontend\src\helpers\utils.js
FN:1,getFormBody
FN:14,getAuthTokenFromLocalStorage
FNF:2
FNH:0
FNDA:0,getFormBody
FNDA:0,getAuthTokenFromLocalStorage
DA:2,0
DA:4,0
DA:5,0
DA:6,0
DA:8,0
DA:11,0
DA:15,0
LF:7
LH:0
BRF:0
BRH:0
end_of_record
TN:
SF:C:\Users\karlr\Documents\School\repos\86-no-more-frontend\src\reducers\application.js
FN:8,application
FN:19,(anonymous_1)
FN:33,(anonymous_2)
FNF:3
FNH:0
FNDA:0,application
FNDA:0,(anonymous_1)
FNDA:0,(anonymous_2)
DA:11,0
DA:13,0
DA:16,0
DA:19,0
DA:20,0
DA:21,0
DA:27,0
DA:30,0
DA:33,0
DA:34,0
DA:35,0
DA:41,0
DA:44,0
DA:47,0
LF:14
LH:0
BRDA:8,0,0,0
BRDA:11,1,0,0
BRDA:11,1,1,0
BRDA:11,1,2,0
BRDA:11,1,3,0
BRDA:11,1,4,0
BRDA:20,2,0,0
BRDA:20,2,1,0
BRDA:34,3,0,0
BRDA:34,3,1,0
BRF:10
BRH:0
end_of_record
TN:
SF:C:\Users\karlr\Documents\School\repos\86-no-more-frontend\src\reducers\auth.js
FN:22,auth
FNF:1
FNH:0
FNDA:0,auth
DA:15,0
DA:23,0
DA:25,0
DA:32,0
DA:39,0
DA:49,0
DA:55,0
DA:61,0
DA:68,0
DA:75,0
DA:81,0
LF:11
LH:0
BRDA:22,0,0,0
BRDA:23,1,0,0
BRDA:23,1,1,0
BRDA:23,1,2,0
BRDA:23,1,3,0
BRDA:23,1,4,0
BRDA:23,1,5,0
BRDA:23,1,6,0
BRDA:23,1,7,0
BRDA:23,1,8,0
BRDA:23,1,9,0
BRDA:23,1,10,0
BRDA:23,1,11,0
BRF:13
BRH:0
end_of_record
TN:
SF:C:\Users\karlr\Documents\School\repos\86-no-more-frontend\src\reducers\index.js
FNF:0
FNH:0
LF:0
LH:0
BRF:0
BRH:0
end_of_record
TN:
SF:C:\Users\karlr\Documents\School\repos\86-no-more-frontend\src\reducers\inventoryhistory.js
FN:6,inventoryhistory
FNF:1
FNH:0
FNDA:0,inventoryhistory
DA:9,0
DA:11,0
DA:14,0
DA:17,0
LF:4
LH:0
BRDA:6,0,0,0
BRDA:9,1,0,0
BRDA:9,1,1,0
BRDA:9,1,2,0
BRF:4
BRH:0
end_of_record
TN:
SF:C:\Users\karlr\Documents\School\repos\86-no-more-frontend\src\reducers\job.js
FN:8,jobs
FN:22,(anonymous_1)
FNF:2
FNH:0
FNDA:0,jobs
FNDA:0,(anonymous_1)
DA:11,0
DA:13,0
DA:16,0
DA:19,0
DA:22,0
DA:23,0
DA:24,0
DA:30,0
DA:33,0
DA:36,0
LF:10
LH:0
BRDA:8,0,0,0
BRDA:11,1,0,0
BRDA:11,1,1,0
BRDA:11,1,2,0
BRDA:11,1,3,0
BRDA:11,1,4,0
BRDA:23,2,0,0
BRDA:23,2,1,0
BRF:8
BRH:0
end_of_record
TN:
SF:C:\Users\karlr\Documents\School\repos\86-no-more-frontend\src\reducers\menu.js
FN:8,menus
FNF:1
FNH:0
FNDA:0,menus
DA:11,0
DA:13,0
DA:16,0
DA:19,0
DA:22,0
LF:5
LH:0
BRDA:8,0,0,0
BRDA:11,1,0,0
BRDA:11,1,1,0
BRDA:11,1,2,0
BRDA:11,1,3,0
BRF:5
BRH:0
end_of_record
TN:
SF:C:\Users\karlr\Documents\School\repos\86-no-more-frontend\src\reducers\search.js
FN:10,search
FNF:1
FNH:0
FNDA:0,search
DA:6,0
DA:11,0
DA:13,0
DA:19,0
DA:24,0
LF:5
LH:0
BRDA:10,0,0,0
BRDA:11,1,0,0
BRDA:11,1,1,0
BRDA:11,1,2,0
BRF:4
BRH:0
end_of_record
TN:
SF:C:\Users\karlr\Documents\School\repos\86-no-more-frontend\src\store\index.js
FN:8,configureStore
FNF:1
FNH:0
FNDA:0,configureStore
DA:9,0
DA:11,0
LF:2
LH:0
BRF:0
BRH:0
end_of_record
